ERROR - 2016-07-28 07:38:17 - exception 'ErrorException' with message 'Missing argument 2 for Yee\Libraries\Database\MysqliDB::update(), called in C:\wamp\www\App\Models\MyAccount\MyAccountModel.php on line 31 and defined' in C:\wamp\www\Yee\Libraries\Database\MysqliDB.php:340
Stack trace:
#0 C:\wamp\www\Yee\Libraries\Database\MysqliDB.php(340): Yee\Yee::handleErrors(2, 'Missing argumen...', 'C:\\wamp\\www\\Yee...', 340, Array)
#1 C:\wamp\www\App\Models\MyAccount\MyAccountModel.php(31): Yee\Libraries\Database\MysqliDB->update(Array)
#2 C:\wamp\www\App\Controllers\ajax\AjaxController.php(70): App\Models\MyAccount\MyAccountModel->updateFirstName('Test1')
#3 [internal function]: AjaxController->postUpdateMyAccount()
#4 C:\wamp\www\Yee\Managers\Controller\Controller.php(22): call_user_func_array(Array, Array)
#5 [internal function]: Yee\Managers\Controller\Controller::__callStatic('___postUpdateMy...', Array)
#6 [internal function]: AjaxController::___postUpdateMyAccount()
#7 C:\wamp\www\Yee\Route.php(462): call_user_func_array('AjaxController:...', Array)
#8 C:\wamp\www\Yee\Yee.php(1334): Yee\Route->dispatch()
#9 C:\wamp\www\Yee\Middleware\Flash.php(85): Yee\Yee->call()
#10 C:\wamp\www\Yee\Middleware\MethodOverride.php(92): Yee\Middleware\Flash->call()
#11 C:\wamp\www\Yee\Middleware\PrettyExceptions.php(67): Yee\Middleware\MethodOverride->call()
#12 C:\wamp\www\Yee\Yee.php(1279): Yee\Middleware\PrettyExceptions->call()
#13 C:\wamp\www\index.php(29): Yee\Yee->execute()
#14 {main}
ERROR - 2016-07-28 10:36:22 - exception 'ErrorException' with message 'Use of undefined constant news - assumed 'news'' in C:\wamp\www\App\Controllers\Articles\articlesController.php:50
Stack trace:
#0 C:\wamp\www\App\Controllers\Articles\articlesController.php(50): Yee\Yee::handleErrors(8, 'Use of undefine...', 'C:\\wamp\\www\\App...', 50, Array)
#1 [internal function]: articlesController->postAction()
#2 C:\wamp\www\Yee\Managers\Controller\Controller.php(22): call_user_func_array(Array, Array)
#3 [internal function]: Yee\Managers\Controller\Controller::__callStatic('___postAction', Array)
#4 [internal function]: articlesController::___postAction()
#5 C:\wamp\www\Yee\Route.php(462): call_user_func_array('articlesControl...', Array)
#6 C:\wamp\www\Yee\Yee.php(1334): Yee\Route->dispatch()
#7 C:\wamp\www\Yee\Middleware\Flash.php(85): Yee\Yee->call()
#8 C:\wamp\www\Yee\Middleware\MethodOverride.php(92): Yee\Middleware\Flash->call()
#9 C:\wamp\www\Yee\Middleware\PrettyExceptions.php(67): Yee\Middleware\MethodOverride->call()
#10 C:\wamp\www\Yee\Yee.php(1279): Yee\Middleware\PrettyExceptions->call()
#11 C:\wamp\www\index.php(29): Yee\Yee->execute()
#12 {main}
ERROR - 2016-07-28 11:35:25 - exception 'Twig_Error_Loader' with message 'Unable to find template "pages/addArticle.tpl" (looked into: ./templates).' in C:\wamp\www\Twig\Loader\Filesystem.php:191
Stack trace:
#0 C:\wamp\www\Twig\Loader\Filesystem.php(138): Twig_Loader_Filesystem->findTemplate('pages/addArticl...')
#1 C:\wamp\www\Twig\Environment.php(265): Twig_Loader_Filesystem->getCacheKey('pages/addArticl...')
#2 C:\wamp\www\Twig\Environment.php(323): Twig_Environment->getTemplateClass('pages/addArticl...', NULL)
#3 C:\wamp\www\Yee\Views\Twig.php(87): Twig_Environment->loadTemplate('pages/addArticl...')
#4 C:\wamp\www\Yee\View.php(254): Yee\Views\Twig->render('pages/addArticl...', NULL)
#5 C:\wamp\www\Yee\View.php(242): Yee\View->fetch('pages/addArticl...', NULL)
#6 C:\wamp\www\Yee\Yee.php(765): Yee\View->display('pages/addArticl...')
#7 C:\wamp\www\App\Controllers\addAtricle\addArticleController.php(23): Yee\Yee->render('pages/addArticl...', Array)
#8 [internal function]: addArticleController->indexAction()
#9 C:\wamp\www\Yee\Managers\Controller\Controller.php(22): call_user_func_array(Array, Array)
#10 [internal function]: Yee\Managers\Controller\Controller::__callStatic('___indexAction', Array)
#11 [internal function]: addArticleController::___indexAction()
#12 C:\wamp\www\Yee\Route.php(462): call_user_func_array('addArticleContr...', Array)
#13 C:\wamp\www\Yee\Yee.php(1334): Yee\Route->dispatch()
#14 C:\wamp\www\Yee\Middleware\Flash.php(85): Yee\Yee->call()
#15 C:\wamp\www\Yee\Middleware\MethodOverride.php(92): Yee\Middleware\Flash->call()
#16 C:\wamp\www\Yee\Middleware\PrettyExceptions.php(67): Yee\Middleware\MethodOverride->call()
#17 C:\wamp\www\Yee\Yee.php(1279): Yee\Middleware\PrettyExceptions->call()
#18 C:\wamp\www\index.php(29): Yee\Yee->execute()
#19 {main}
ERROR - 2016-07-28 12:28:23 - exception 'ErrorException' with message 'Undefined index: email' in C:\wamp\www\App\Models\addArticleModel\addArticleModel.php:21
Stack trace:
#0 C:\wamp\www\App\Models\addArticleModel\addArticleModel.php(21): Yee\Yee::handleErrors(8, 'Undefined index...', 'C:\\wamp\\www\\App...', 21, Array)
#1 C:\wamp\www\App\Controllers\addAtricle\addArticleController.php(41): App\Models\addArticleModel\addArticleModel->addNewArticle()
#2 [internal function]: addArticleController->postAction()
#3 C:\wamp\www\Yee\Managers\Controller\Controller.php(22): call_user_func_array(Array, Array)
#4 [internal function]: Yee\Managers\Controller\Controller::__callStatic('___postAction', Array)
#5 [internal function]: addArticleController::___postAction()
#6 C:\wamp\www\Yee\Route.php(462): call_user_func_array('addArticleContr...', Array)
#7 C:\wamp\www\Yee\Yee.php(1334): Yee\Route->dispatch()
#8 C:\wamp\www\Yee\Middleware\Flash.php(85): Yee\Yee->call()
#9 C:\wamp\www\Yee\Middleware\MethodOverride.php(92): Yee\Middleware\Flash->call()
#10 C:\wamp\www\Yee\Middleware\PrettyExceptions.php(67): Yee\Middleware\MethodOverride->call()
#11 C:\wamp\www\Yee\Yee.php(1279): Yee\Middleware\PrettyExceptions->call()
#12 C:\wamp\www\index.php(29): Yee\Yee->execute()
#13 {main}
ERROR - 2016-07-28 12:28:34 - exception 'ErrorException' with message 'Undefined index: email' in C:\wamp\www\App\Models\addArticleModel\addArticleModel.php:21
Stack trace:
#0 C:\wamp\www\App\Models\addArticleModel\addArticleModel.php(21): Yee\Yee::handleErrors(8, 'Undefined index...', 'C:\\wamp\\www\\App...', 21, Array)
#1 C:\wamp\www\App\Controllers\addAtricle\addArticleController.php(41): App\Models\addArticleModel\addArticleModel->addNewArticle()
#2 [internal function]: addArticleController->postAction()
#3 C:\wamp\www\Yee\Managers\Controller\Controller.php(22): call_user_func_array(Array, Array)
#4 [internal function]: Yee\Managers\Controller\Controller::__callStatic('___postAction', Array)
#5 [internal function]: addArticleController::___postAction()
#6 C:\wamp\www\Yee\Route.php(462): call_user_func_array('addArticleContr...', Array)
#7 C:\wamp\www\Yee\Yee.php(1334): Yee\Route->dispatch()
#8 C:\wamp\www\Yee\Middleware\Flash.php(85): Yee\Yee->call()
#9 C:\wamp\www\Yee\Middleware\MethodOverride.php(92): Yee\Middleware\Flash->call()
#10 C:\wamp\www\Yee\Middleware\PrettyExceptions.php(67): Yee\Middleware\MethodOverride->call()
#11 C:\wamp\www\Yee\Yee.php(1279): Yee\Middleware\PrettyExceptions->call()
#12 C:\wamp\www\index.php(29): Yee\Yee->execute()
#13 {main}
ERROR - 2016-07-28 12:29:29 - exception 'ErrorException' with message 'Undefined index: email' in C:\wamp\www\App\Models\addArticleModel\addArticleModel.php:21
Stack trace:
#0 C:\wamp\www\App\Models\addArticleModel\addArticleModel.php(21): Yee\Yee::handleErrors(8, 'Undefined index...', 'C:\\wamp\\www\\App...', 21, Array)
#1 C:\wamp\www\App\Controllers\addAtricle\addArticleController.php(41): App\Models\addArticleModel\addArticleModel->addNewArticle()
#2 [internal function]: addArticleController->postAction()
#3 C:\wamp\www\Yee\Managers\Controller\Controller.php(22): call_user_func_array(Array, Array)
#4 [internal function]: Yee\Managers\Controller\Controller::__callStatic('___postAction', Array)
#5 [internal function]: addArticleController::___postAction()
#6 C:\wamp\www\Yee\Route.php(462): call_user_func_array('addArticleContr...', Array)
#7 C:\wamp\www\Yee\Yee.php(1334): Yee\Route->dispatch()
#8 C:\wamp\www\Yee\Middleware\Flash.php(85): Yee\Yee->call()
#9 C:\wamp\www\Yee\Middleware\MethodOverride.php(92): Yee\Middleware\Flash->call()
#10 C:\wamp\www\Yee\Middleware\PrettyExceptions.php(67): Yee\Middleware\MethodOverride->call()
#11 C:\wamp\www\Yee\Yee.php(1279): Yee\Middleware\PrettyExceptions->call()
#12 C:\wamp\www\index.php(29): Yee\Yee->execute()
#13 {main}
ERROR - 2016-07-28 12:29:31 - exception 'ErrorException' with message 'Undefined index: email' in C:\wamp\www\App\Models\addArticleModel\addArticleModel.php:21
Stack trace:
#0 C:\wamp\www\App\Models\addArticleModel\addArticleModel.php(21): Yee\Yee::handleErrors(8, 'Undefined index...', 'C:\\wamp\\www\\App...', 21, Array)
#1 C:\wamp\www\App\Controllers\addAtricle\addArticleController.php(41): App\Models\addArticleModel\addArticleModel->addNewArticle()
#2 [internal function]: addArticleController->postAction()
#3 C:\wamp\www\Yee\Managers\Controller\Controller.php(22): call_user_func_array(Array, Array)
#4 [internal function]: Yee\Managers\Controller\Controller::__callStatic('___postAction', Array)
#5 [internal function]: addArticleController::___postAction()
#6 C:\wamp\www\Yee\Route.php(462): call_user_func_array('addArticleContr...', Array)
#7 C:\wamp\www\Yee\Yee.php(1334): Yee\Route->dispatch()
#8 C:\wamp\www\Yee\Middleware\Flash.php(85): Yee\Yee->call()
#9 C:\wamp\www\Yee\Middleware\MethodOverride.php(92): Yee\Middleware\Flash->call()
#10 C:\wamp\www\Yee\Middleware\PrettyExceptions.php(67): Yee\Middleware\MethodOverride->call()
#11 C:\wamp\www\Yee\Yee.php(1279): Yee\Middleware\PrettyExceptions->call()
#12 C:\wamp\www\index.php(29): Yee\Yee->execute()
#13 {main}
ERROR - 2016-07-28 12:29:39 - exception 'ErrorException' with message 'Undefined index: email' in C:\wamp\www\App\Models\addArticleModel\addArticleModel.php:21
Stack trace:
#0 C:\wamp\www\App\Models\addArticleModel\addArticleModel.php(21): Yee\Yee::handleErrors(8, 'Undefined index...', 'C:\\wamp\\www\\App...', 21, Array)
#1 C:\wamp\www\App\Controllers\addAtricle\addArticleController.php(41): App\Models\addArticleModel\addArticleModel->addNewArticle()
#2 [internal function]: addArticleController->postAction()
#3 C:\wamp\www\Yee\Managers\Controller\Controller.php(22): call_user_func_array(Array, Array)
#4 [internal function]: Yee\Managers\Controller\Controller::__callStatic('___postAction', Array)
#5 [internal function]: addArticleController::___postAction()
#6 C:\wamp\www\Yee\Route.php(462): call_user_func_array('addArticleContr...', Array)
#7 C:\wamp\www\Yee\Yee.php(1334): Yee\Route->dispatch()
#8 C:\wamp\www\Yee\Middleware\Flash.php(85): Yee\Yee->call()
#9 C:\wamp\www\Yee\Middleware\MethodOverride.php(92): Yee\Middleware\Flash->call()
#10 C:\wamp\www\Yee\Middleware\PrettyExceptions.php(67): Yee\Middleware\MethodOverride->call()
#11 C:\wamp\www\Yee\Yee.php(1279): Yee\Middleware\PrettyExceptions->call()
#12 C:\wamp\www\index.php(29): Yee\Yee->execute()
#13 {main}
ERROR - 2016-07-28 12:46:07 - exception 'Twig_Error_Syntax' with message 'Unexpected tag name "foo" (expecting closing tag for the "for" tag defined near line 124) in "pages/addArticle.tpl" at line 126' in C:\wamp\www\Twig\Parser.php:174
Stack trace:
#0 C:\wamp\www\Twig\TokenParser\For.php(47): Twig_Parser->subparse(Array)
#1 C:\wamp\www\Twig\Parser.php(187): Twig_TokenParser_For->parse(Object(Twig_Token))
#2 C:\wamp\www\Twig\Parser.php(95): Twig_Parser->subparse(NULL, false)
#3 C:\wamp\www\Twig\Environment.php(507): Twig_Parser->parse(Object(Twig_TokenStream))
#4 C:\wamp\www\Twig\Environment.php(559): Twig_Environment->parse(Object(Twig_TokenStream))
#5 C:\wamp\www\Twig\Environment.php(334): Twig_Environment->compileSource('<!DOCTYPE html>...', 'pages/addArticl...')
#6 C:\wamp\www\Yee\Views\Twig.php(87): Twig_Environment->loadTemplate('pages/addArticl...')
#7 C:\wamp\www\Yee\View.php(254): Yee\Views\Twig->render('pages/addArticl...', NULL)
#8 C:\wamp\www\Yee\View.php(242): Yee\View->fetch('pages/addArticl...', NULL)
#9 C:\wamp\www\Yee\Yee.php(765): Yee\View->display('pages/addArticl...')
#10 C:\wamp\www\App\Controllers\addAtricle\addArticleController.php(21): Yee\Yee->render('pages/addArticl...', Array)
#11 [internal function]: addArticleController->indexAction()
#12 C:\wamp\www\Yee\Managers\Controller\Controller.php(22): call_user_func_array(Array, Array)
#13 [internal function]: Yee\Managers\Controller\Controller::__callStatic('___indexAction', Array)
#14 [internal function]: addArticleController::___indexAction()
#15 C:\wamp\www\Yee\Route.php(462): call_user_func_array('addArticleContr...', Array)
#16 C:\wamp\www\Yee\Yee.php(1334): Yee\Route->dispatch()
#17 C:\wamp\www\Yee\Middleware\Flash.php(85): Yee\Yee->call()
#18 C:\wamp\www\Yee\Middleware\MethodOverride.php(92): Yee\Middleware\Flash->call()
#19 C:\wamp\www\Yee\Middleware\PrettyExceptions.php(67): Yee\Middleware\MethodOverride->call()
#20 C:\wamp\www\Yee\Yee.php(1279): Yee\Middleware\PrettyExceptions->call()
#21 C:\wamp\www\index.php(29): Yee\Yee->execute()
#22 {main}
ERROR - 2016-07-28 12:46:28 - exception 'Twig_Error_Syntax' with message 'Unexpected token "operator" of value "+" ("end of statement block" expected) in "pages/addArticle.tpl" at line 126' in C:\wamp\www\Twig\TokenStream.php:88
Stack trace:
#0 C:\wamp\www\Twig\TokenParser\Set.php(60): Twig_TokenStream->expect(3)
#1 C:\wamp\www\Twig\Parser.php(187): Twig_TokenParser_Set->parse(Object(Twig_Token))
#2 C:\wamp\www\Twig\TokenParser\For.php(47): Twig_Parser->subparse(Array)
#3 C:\wamp\www\Twig\Parser.php(187): Twig_TokenParser_For->parse(Object(Twig_Token))
#4 C:\wamp\www\Twig\Parser.php(95): Twig_Parser->subparse(NULL, false)
#5 C:\wamp\www\Twig\Environment.php(507): Twig_Parser->parse(Object(Twig_TokenStream))
#6 C:\wamp\www\Twig\Environment.php(559): Twig_Environment->parse(Object(Twig_TokenStream))
#7 C:\wamp\www\Twig\Environment.php(334): Twig_Environment->compileSource('<!DOCTYPE html>...', 'pages/addArticl...')
#8 C:\wamp\www\Yee\Views\Twig.php(87): Twig_Environment->loadTemplate('pages/addArticl...')
#9 C:\wamp\www\Yee\View.php(254): Yee\Views\Twig->render('pages/addArticl...', NULL)
#10 C:\wamp\www\Yee\View.php(242): Yee\View->fetch('pages/addArticl...', NULL)
#11 C:\wamp\www\Yee\Yee.php(765): Yee\View->display('pages/addArticl...')
#12 C:\wamp\www\App\Controllers\addAtricle\addArticleController.php(21): Yee\Yee->render('pages/addArticl...', Array)
#13 [internal function]: addArticleController->indexAction()
#14 C:\wamp\www\Yee\Managers\Controller\Controller.php(22): call_user_func_array(Array, Array)
#15 [internal function]: Yee\Managers\Controller\Controller::__callStatic('___indexAction', Array)
#16 [internal function]: addArticleController::___indexAction()
#17 C:\wamp\www\Yee\Route.php(462): call_user_func_array('addArticleContr...', Array)
#18 C:\wamp\www\Yee\Yee.php(1334): Yee\Route->dispatch()
#19 C:\wamp\www\Yee\Middleware\Flash.php(85): Yee\Yee->call()
#20 C:\wamp\www\Yee\Middleware\MethodOverride.php(92): Yee\Middleware\Flash->call()
#21 C:\wamp\www\Yee\Middleware\PrettyExceptions.php(67): Yee\Middleware\MethodOverride->call()
#22 C:\wamp\www\Yee\Yee.php(1279): Yee\Middleware\PrettyExceptions->call()
#23 C:\wamp\www\index.php(29): Yee\Yee->execute()
#24 {main}
ERROR - 2016-07-28 12:49:06 - exception 'Twig_Error_Syntax' with message 'Unexpected token "end of print statement" of value "" in "pages/addArticle.tpl" at line 124' in C:\wamp\www\Twig\ExpressionParser.php:175
Stack trace:
#0 C:\wamp\www\Twig\ExpressionParser.php(84): Twig_ExpressionParser->parsePrimaryExpression()
#1 C:\wamp\www\Twig\ExpressionParser.php(41): Twig_ExpressionParser->getPrimary()
#2 C:\wamp\www\Twig\Parser.php(141): Twig_ExpressionParser->parseExpression()
#3 C:\wamp\www\Twig\TokenParser\For.php(47): Twig_Parser->subparse(Array)
#4 C:\wamp\www\Twig\Parser.php(187): Twig_TokenParser_For->parse(Object(Twig_Token))
#5 C:\wamp\www\Twig\Parser.php(95): Twig_Parser->subparse(NULL, false)
#6 C:\wamp\www\Twig\Environment.php(507): Twig_Parser->parse(Object(Twig_TokenStream))
#7 C:\wamp\www\Twig\Environment.php(559): Twig_Environment->parse(Object(Twig_TokenStream))
#8 C:\wamp\www\Twig\Environment.php(334): Twig_Environment->compileSource('<!DOCTYPE html>...', 'pages/addArticl...')
#9 C:\wamp\www\Yee\Views\Twig.php(87): Twig_Environment->loadTemplate('pages/addArticl...')
#10 C:\wamp\www\Yee\View.php(254): Yee\Views\Twig->render('pages/addArticl...', NULL)
#11 C:\wamp\www\Yee\View.php(242): Yee\View->fetch('pages/addArticl...', NULL)
#12 C:\wamp\www\Yee\Yee.php(765): Yee\View->display('pages/addArticl...')
#13 C:\wamp\www\App\Controllers\addAtricle\addArticleController.php(21): Yee\Yee->render('pages/addArticl...', Array)
#14 [internal function]: addArticleController->indexAction()
#15 C:\wamp\www\Yee\Managers\Controller\Controller.php(22): call_user_func_array(Array, Array)
#16 [internal function]: Yee\Managers\Controller\Controller::__callStatic('___indexAction', Array)
#17 [internal function]: addArticleController::___indexAction()
#18 C:\wamp\www\Yee\Route.php(462): call_user_func_array('addArticleContr...', Array)
#19 C:\wamp\www\Yee\Yee.php(1334): Yee\Route->dispatch()
#20 C:\wamp\www\Yee\Middleware\Flash.php(85): Yee\Yee->call()
#21 C:\wamp\www\Yee\Middleware\MethodOverride.php(92): Yee\Middleware\Flash->call()
#22 C:\wamp\www\Yee\Middleware\PrettyExceptions.php(67): Yee\Middleware\MethodOverride->call()
#23 C:\wamp\www\Yee\Yee.php(1279): Yee\Middleware\PrettyExceptions->call()
#24 C:\wamp\www\index.php(29): Yee\Yee->execute()
#25 {main}
ERROR - 2016-07-28 13:15:56 - exception 'ErrorException' with message 'Object of class Yee\Yee could not be converted to int' in C:\wamp\www\Yee\Http\Response.php:163
Stack trace:
#0 C:\wamp\www\Yee\Http\Response.php(163): Yee\Yee::handleErrors(8, 'Object of class...', 'C:\\wamp\\www\\Yee...', 163, Array)
#1 C:\wamp\www\Yee\Yee.php(762): Yee\Http\Response->status(Object(Yee\Yee))
#2 C:\wamp\www\App\Controllers\addAtricle\addArticleController.php(27): Yee\Yee->render('pages/addArticl...', Array, Object(Yee\Yee))
#3 [internal function]: addArticleController->indexAction()
#4 C:\wamp\www\Yee\Managers\Controller\Controller.php(22): call_user_func_array(Array, Array)
#5 [internal function]: Yee\Managers\Controller\Controller::__callStatic('___indexAction', Array)
#6 [internal function]: addArticleController::___indexAction()
#7 C:\wamp\www\Yee\Route.php(462): call_user_func_array('addArticleContr...', Array)
#8 C:\wamp\www\Yee\Yee.php(1334): Yee\Route->dispatch()
#9 C:\wamp\www\Yee\Middleware\Flash.php(85): Yee\Yee->call()
#10 C:\wamp\www\Yee\Middleware\MethodOverride.php(92): Yee\Middleware\Flash->call()
#11 C:\wamp\www\Yee\Middleware\PrettyExceptions.php(67): Yee\Middleware\MethodOverride->call()
#12 C:\wamp\www\Yee\Yee.php(1279): Yee\Middleware\PrettyExceptions->call()
#13 C:\wamp\www\index.php(29): Yee\Yee->execute()
#14 {main}
ERROR - 2016-07-28 13:27:52 - exception 'InvalidArgumentException' with message 'Cannot append view data. Expected array argument.' in C:\wamp\www\Yee\View.php:190
Stack trace:
#0 C:\wamp\www\Yee\Yee.php(764): Yee\View->appendData(Object(App\Models\articleOptionModel\articleOptionModel))
#1 C:\wamp\www\App\Controllers\addAtricle\addArticleController.php(21): Yee\Yee->render('pages/addArticl...', Object(App\Models\articleOptionModel\articleOptionModel))
#2 [internal function]: addArticleController->indexAction()
#3 C:\wamp\www\Yee\Managers\Controller\Controller.php(22): call_user_func_array(Array, Array)
#4 [internal function]: Yee\Managers\Controller\Controller::__callStatic('___indexAction', Array)
#5 [internal function]: addArticleController::___indexAction()
#6 C:\wamp\www\Yee\Route.php(462): call_user_func_array('addArticleContr...', Array)
#7 C:\wamp\www\Yee\Yee.php(1334): Yee\Route->dispatch()
#8 C:\wamp\www\Yee\Middleware\Flash.php(85): Yee\Yee->call()
#9 C:\wamp\www\Yee\Middleware\MethodOverride.php(92): Yee\Middleware\Flash->call()
#10 C:\wamp\www\Yee\Middleware\PrettyExceptions.php(67): Yee\Middleware\MethodOverride->call()
#11 C:\wamp\www\Yee\Yee.php(1279): Yee\Middleware\PrettyExceptions->call()
#12 C:\wamp\www\index.php(29): Yee\Yee->execute()
#13 {main}
ERROR - 2016-07-28 13:28:02 - exception 'ErrorException' with message 'Undefined variable: data' in C:\wamp\www\App\Controllers\addAtricle\addArticleController.php:21
Stack trace:
#0 C:\wamp\www\App\Controllers\addAtricle\addArticleController.php(21): Yee\Yee::handleErrors(8, 'Undefined varia...', 'C:\\wamp\\www\\App...', 21, Array)
#1 [internal function]: addArticleController->indexAction()
#2 C:\wamp\www\Yee\Managers\Controller\Controller.php(22): call_user_func_array(Array, Array)
#3 [internal function]: Yee\Managers\Controller\Controller::__callStatic('___indexAction', Array)
#4 [internal function]: addArticleController::___indexAction()
#5 C:\wamp\www\Yee\Route.php(462): call_user_func_array('addArticleContr...', Array)
#6 C:\wamp\www\Yee\Yee.php(1334): Yee\Route->dispatch()
#7 C:\wamp\www\Yee\Middleware\Flash.php(85): Yee\Yee->call()
#8 C:\wamp\www\Yee\Middleware\MethodOverride.php(92): Yee\Middleware\Flash->call()
#9 C:\wamp\www\Yee\Middleware\PrettyExceptions.php(67): Yee\Middleware\MethodOverride->call()
#10 C:\wamp\www\Yee\Yee.php(1279): Yee\Middleware\PrettyExceptions->call()
#11 C:\wamp\www\index.php(29): Yee\Yee->execute()
#12 {main}
ERROR - 2016-07-28 14:58:30 - exception 'Twig_Error_Syntax' with message 'Expected name or number in "pages/Articles.tpl" at line 119' in C:\wamp\www\Twig\ExpressionParser.php:367
Stack trace:
#0 C:\wamp\www\Twig\ExpressionParser.php(285): Twig_ExpressionParser->parseSubscriptExpression(Object(Twig_Node_Expression_Name))
#1 C:\wamp\www\Twig\ExpressionParser.php(179): Twig_ExpressionParser->parsePostfixExpression(Object(Twig_Node_Expression_Name))
#2 C:\wamp\www\Twig\ExpressionParser.php(84): Twig_ExpressionParser->parsePrimaryExpression()
#3 C:\wamp\www\Twig\ExpressionParser.php(41): Twig_ExpressionParser->getPrimary()
#4 C:\wamp\www\Twig\Parser.php(141): Twig_ExpressionParser->parseExpression()
#5 C:\wamp\www\Twig\TokenParser\For.php(47): Twig_Parser->subparse(Array)
#6 C:\wamp\www\Twig\Parser.php(187): Twig_TokenParser_For->parse(Object(Twig_Token))
#7 C:\wamp\www\Twig\Parser.php(95): Twig_Parser->subparse(NULL, false)
#8 C:\wamp\www\Twig\Environment.php(507): Twig_Parser->parse(Object(Twig_TokenStream))
#9 C:\wamp\www\Twig\Environment.php(559): Twig_Environment->parse(Object(Twig_TokenStream))
#10 C:\wamp\www\Twig\Environment.php(334): Twig_Environment->compileSource('<!DOCTYPE html>...', 'pages/Articles....')
#11 C:\wamp\www\Yee\Views\Twig.php(87): Twig_Environment->loadTemplate('pages/Articles....')
#12 C:\wamp\www\Yee\View.php(254): Yee\Views\Twig->render('pages/Articles....', NULL)
#13 C:\wamp\www\Yee\View.php(242): Yee\View->fetch('pages/Articles....', NULL)
#14 C:\wamp\www\Yee\Yee.php(765): Yee\View->display('pages/Articles....')
#15 C:\wamp\www\App\Controllers\Articles\articlesController.php(31): Yee\Yee->render('pages/Articles....', Array)
#16 [internal function]: articlesController->indexAction()
#17 C:\wamp\www\Yee\Managers\Controller\Controller.php(22): call_user_func_array(Array, Array)
#18 [internal function]: Yee\Managers\Controller\Controller::__callStatic('___indexAction', Array)
#19 [internal function]: articlesController::___indexAction()
#20 C:\wamp\www\Yee\Route.php(462): call_user_func_array('articlesControl...', Array)
#21 C:\wamp\www\Yee\Yee.php(1334): Yee\Route->dispatch()
#22 C:\wamp\www\Yee\Middleware\Flash.php(85): Yee\Yee->call()
#23 C:\wamp\www\Yee\Middleware\MethodOverride.php(92): Yee\Middleware\Flash->call()
#24 C:\wamp\www\Yee\Middleware\PrettyExceptions.php(67): Yee\Middleware\MethodOverride->call()
#25 C:\wamp\www\Yee\Yee.php(1279): Yee\Middleware\PrettyExceptions->call()
#26 C:\wamp\www\index.php(29): Yee\Yee->execute()
#27 {main}
ERROR - 2016-07-28 15:04:36 - exception 'ErrorException' with message 'Problem preparing query (SELECT * FROM category WHERE   category = ?  LIMIT 1) Table 'sww.category' doesn't exist' in C:\wamp\www\Yee\Libraries\Database\MysqliDB.php:909
Stack trace:
#0 [internal function]: Yee\Yee::handleErrors(256, 'Problem prepari...', 'C:\\wamp\\www\\Yee...', 909, Array)
#1 C:\wamp\www\Yee\Libraries\Database\MysqliDB.php(909): trigger_error('Problem prepari...', 256)
#2 C:\wamp\www\Yee\Libraries\Database\MysqliDB.php(648): Yee\Libraries\Database\MysqliDB->_prepareQuery()
#3 C:\wamp\www\Yee\Libraries\Database\MysqliDB.php(273): Yee\Libraries\Database\MysqliDB->_buildQuery(1)
#4 C:\wamp\www\Yee\Libraries\Database\MysqliDB.php(297): Yee\Libraries\Database\MysqliDB->get('category', 1, '*')
#5 C:\wamp\www\App\Models\articleOptionModel\articleOptionModel.php(15): Yee\Libraries\Database\MysqliDB->getOne('category')
#6 C:\wamp\www\App\Controllers\Articles\articlesController.php(45): App\Models\articleOptionModel\articleOptionModel->returnData()
#7 [internal function]: articlesController->postAction()
#8 C:\wamp\www\Yee\Managers\Controller\Controller.php(22): call_user_func_array(Array, Array)
#9 [internal function]: Yee\Managers\Controller\Controller::__callStatic('___postAction', Array)
#10 [internal function]: articlesController::___postAction()
#11 C:\wamp\www\Yee\Route.php(462): call_user_func_array('articlesControl...', Array)
#12 C:\wamp\www\Yee\Yee.php(1334): Yee\Route->dispatch()
#13 C:\wamp\www\Yee\Middleware\Flash.php(85): Yee\Yee->call()
#14 C:\wamp\www\Yee\Middleware\MethodOverride.php(92): Yee\Middleware\Flash->call()
#15 C:\wamp\www\Yee\Middleware\PrettyExceptions.php(67): Yee\Middleware\MethodOverride->call()
#16 C:\wamp\www\Yee\Yee.php(1279): Yee\Middleware\PrettyExceptions->call()
#17 C:\wamp\www\index.php(29): Yee\Yee->execute()
#18 {main}
ERROR - 2016-07-28 15:05:01 - exception 'ErrorException' with message 'Problem preparing query (SELECT * FROM category WHERE   id = ?  LIMIT 1) Table 'sww.category' doesn't exist' in C:\wamp\www\Yee\Libraries\Database\MysqliDB.php:909
Stack trace:
#0 [internal function]: Yee\Yee::handleErrors(256, 'Problem prepari...', 'C:\\wamp\\www\\Yee...', 909, Array)
#1 C:\wamp\www\Yee\Libraries\Database\MysqliDB.php(909): trigger_error('Problem prepari...', 256)
#2 C:\wamp\www\Yee\Libraries\Database\MysqliDB.php(648): Yee\Libraries\Database\MysqliDB->_prepareQuery()
#3 C:\wamp\www\Yee\Libraries\Database\MysqliDB.php(273): Yee\Libraries\Database\MysqliDB->_buildQuery(1)
#4 C:\wamp\www\Yee\Libraries\Database\MysqliDB.php(297): Yee\Libraries\Database\MysqliDB->get('category', 1, '*')
#5 C:\wamp\www\App\Models\articleOptionModel\articleOptionModel.php(15): Yee\Libraries\Database\MysqliDB->getOne('category')
#6 C:\wamp\www\App\Controllers\Articles\articlesController.php(45): App\Models\articleOptionModel\articleOptionModel->returnData()
#7 [internal function]: articlesController->postAction()
#8 C:\wamp\www\Yee\Managers\Controller\Controller.php(22): call_user_func_array(Array, Array)
#9 [internal function]: Yee\Managers\Controller\Controller::__callStatic('___postAction', Array)
#10 [internal function]: articlesController::___postAction()
#11 C:\wamp\www\Yee\Route.php(462): call_user_func_array('articlesControl...', Array)
#12 C:\wamp\www\Yee\Yee.php(1334): Yee\Route->dispatch()
#13 C:\wamp\www\Yee\Middleware\Flash.php(85): Yee\Yee->call()
#14 C:\wamp\www\Yee\Middleware\MethodOverride.php(92): Yee\Middleware\Flash->call()
#15 C:\wamp\www\Yee\Middleware\PrettyExceptions.php(67): Yee\Middleware\MethodOverride->call()
#16 C:\wamp\www\Yee\Yee.php(1279): Yee\Middleware\PrettyExceptions->call()
#17 C:\wamp\www\index.php(29): Yee\Yee->execute()
#18 {main}
ERROR - 2016-07-28 18:40:02 - exception 'InvalidArgumentException' with message 'Cannot append view data. Expected array argument.' in C:\wamp\www\Yee\View.php:190
Stack trace:
#0 C:\wamp\www\Yee\Yee.php(764): Yee\View->appendData('common/header.t...')
#1 C:\wamp\www\App\Controllers\Home\HomeController.php(26): Yee\Yee->render('pages/home.tpl', 'common/header.t...', Array)
#2 [internal function]: HomeController->indexAction()
#3 C:\wamp\www\Yee\Managers\Controller\Controller.php(22): call_user_func_array(Array, Array)
#4 [internal function]: Yee\Managers\Controller\Controller::__callStatic('___indexAction', Array)
#5 [internal function]: HomeController::___indexAction()
#6 C:\wamp\www\Yee\Route.php(462): call_user_func_array('HomeController:...', Array)
#7 C:\wamp\www\Yee\Yee.php(1334): Yee\Route->dispatch()
#8 C:\wamp\www\Yee\Middleware\Flash.php(85): Yee\Yee->call()
#9 C:\wamp\www\Yee\Middleware\MethodOverride.php(92): Yee\Middleware\Flash->call()
#10 C:\wamp\www\Yee\Middleware\PrettyExceptions.php(67): Yee\Middleware\MethodOverride->call()
#11 C:\wamp\www\Yee\Yee.php(1279): Yee\Middleware\PrettyExceptions->call()
#12 C:\wamp\www\index.php(29): Yee\Yee->execute()
#13 {main}
ERROR - 2016-07-28 18:43:45 - exception 'InvalidArgumentException' with message 'Cannot append view data. Expected array argument.' in C:\wamp\www\Yee\View.php:190
Stack trace:
#0 C:\wamp\www\Yee\Yee.php(764): Yee\View->appendData('common/header.t...')
#1 C:\wamp\www\App\Controllers\Home\HomeController.php(26): Yee\Yee->render('pages/home.tpl', 'common/header.t...', Array)
#2 [internal function]: HomeController->indexAction()
#3 C:\wamp\www\Yee\Managers\Controller\Controller.php(22): call_user_func_array(Array, Array)
#4 [internal function]: Yee\Managers\Controller\Controller::__callStatic('___indexAction', Array)
#5 [internal function]: HomeController::___indexAction()
#6 C:\wamp\www\Yee\Route.php(462): call_user_func_array('HomeController:...', Array)
#7 C:\wamp\www\Yee\Yee.php(1334): Yee\Route->dispatch()
#8 C:\wamp\www\Yee\Middleware\Flash.php(85): Yee\Yee->call()
#9 C:\wamp\www\Yee\Middleware\MethodOverride.php(92): Yee\Middleware\Flash->call()
#10 C:\wamp\www\Yee\Middleware\PrettyExceptions.php(67): Yee\Middleware\MethodOverride->call()
#11 C:\wamp\www\Yee\Yee.php(1279): Yee\Middleware\PrettyExceptions->call()
#12 C:\wamp\www\index.php(29): Yee\Yee->execute()
#13 {main}
ERROR - 2016-07-28 18:53:51 - exception 'ErrorException' with message 'Undefined variable: data' in C:\wamp\www\App\Controllers\navController\NavController.php:27
Stack trace:
#0 C:\wamp\www\App\Controllers\navController\NavController.php(27): Yee\Yee::handleErrors(8, 'Undefined varia...', 'C:\\wamp\\www\\App...', 27, Array)
#1 [internal function]: navController->indexAction()
#2 C:\wamp\www\Yee\Managers\Controller\Controller.php(22): call_user_func_array(Array, Array)
#3 [internal function]: Yee\Managers\Controller\Controller::__callStatic('___indexAction', Array)
#4 [internal function]: navController::___indexAction()
#5 C:\wamp\www\Yee\Route.php(462): call_user_func_array('navController::...', Array)
#6 C:\wamp\www\Yee\Yee.php(1334): Yee\Route->dispatch()
#7 C:\wamp\www\Yee\Middleware\Flash.php(85): Yee\Yee->call()
#8 C:\wamp\www\Yee\Middleware\MethodOverride.php(92): Yee\Middleware\Flash->call()
#9 C:\wamp\www\Yee\Middleware\PrettyExceptions.php(67): Yee\Middleware\MethodOverride->call()
#10 C:\wamp\www\Yee\Yee.php(1279): Yee\Middleware\PrettyExceptions->call()
#11 C:\wamp\www\index.php(29): Yee\Yee->execute()
#12 {main}
ERROR - 2016-07-28 20:38:37 - exception 'ErrorException' with message 'end() expects parameter 1 to be array, string given' in C:\wamp\www\App\Controllers\addAtricle\addArticleController.php:39
Stack trace:
#0 [internal function]: Yee\Yee::handleErrors(2, 'end() expects p...', 'C:\\wamp\\www\\App...', 39, Array)
#1 C:\wamp\www\App\Controllers\addAtricle\addArticleController.php(39): end('')
#2 [internal function]: addArticleController->postAction()
#3 C:\wamp\www\Yee\Managers\Controller\Controller.php(22): call_user_func_array(Array, Array)
#4 [internal function]: Yee\Managers\Controller\Controller::__callStatic('___postAction', Array)
#5 [internal function]: addArticleController::___postAction()
#6 C:\wamp\www\Yee\Route.php(462): call_user_func_array('addArticleContr...', Array)
#7 C:\wamp\www\Yee\Yee.php(1334): Yee\Route->dispatch()
#8 C:\wamp\www\Yee\Middleware\Flash.php(85): Yee\Yee->call()
#9 C:\wamp\www\Yee\Middleware\MethodOverride.php(92): Yee\Middleware\Flash->call()
#10 C:\wamp\www\Yee\Middleware\PrettyExceptions.php(67): Yee\Middleware\MethodOverride->call()
#11 C:\wamp\www\Yee\Yee.php(1279): Yee\Middleware\PrettyExceptions->call()
#12 C:\wamp\www\index.php(29): Yee\Yee->execute()
#13 {main}
ERROR - 2016-07-28 20:56:39 - exception 'ErrorException' with message 'Undefined offset: 0' in C:\wamp\www\App\Controllers\addAtricle\addArticleController.php:43
Stack trace:
#0 C:\wamp\www\App\Controllers\addAtricle\addArticleController.php(43): Yee\Yee::handleErrors(8, 'Undefined offse...', 'C:\\wamp\\www\\App...', 43, Array)
#1 [internal function]: addArticleController->postAction()
#2 C:\wamp\www\Yee\Managers\Controller\Controller.php(22): call_user_func_array(Array, Array)
#3 [internal function]: Yee\Managers\Controller\Controller::__callStatic('___postAction', Array)
#4 [internal function]: addArticleController::___postAction()
#5 C:\wamp\www\Yee\Route.php(462): call_user_func_array('addArticleContr...', Array)
#6 C:\wamp\www\Yee\Yee.php(1334): Yee\Route->dispatch()
#7 C:\wamp\www\Yee\Middleware\Flash.php(85): Yee\Yee->call()
#8 C:\wamp\www\Yee\Middleware\MethodOverride.php(92): Yee\Middleware\Flash->call()
#9 C:\wamp\www\Yee\Middleware\PrettyExceptions.php(67): Yee\Middleware\MethodOverride->call()
#10 C:\wamp\www\Yee\Yee.php(1279): Yee\Middleware\PrettyExceptions->call()
#11 C:\wamp\www\index.php(29): Yee\Yee->execute()
#12 {main}
ERROR - 2016-07-28 20:56:56 - exception 'ErrorException' with message 'Undefined offset: 0' in C:\wamp\www\App\Controllers\addAtricle\addArticleController.php:44
Stack trace:
#0 C:\wamp\www\App\Controllers\addAtricle\addArticleController.php(44): Yee\Yee::handleErrors(8, 'Undefined offse...', 'C:\\wamp\\www\\App...', 44, Array)
#1 [internal function]: addArticleController->postAction()
#2 C:\wamp\www\Yee\Managers\Controller\Controller.php(22): call_user_func_array(Array, Array)
#3 [internal function]: Yee\Managers\Controller\Controller::__callStatic('___postAction', Array)
#4 [internal function]: addArticleController::___postAction()
#5 C:\wamp\www\Yee\Route.php(462): call_user_func_array('addArticleContr...', Array)
#6 C:\wamp\www\Yee\Yee.php(1334): Yee\Route->dispatch()
#7 C:\wamp\www\Yee\Middleware\Flash.php(85): Yee\Yee->call()
#8 C:\wamp\www\Yee\Middleware\MethodOverride.php(92): Yee\Middleware\Flash->call()
#9 C:\wamp\www\Yee\Middleware\PrettyExceptions.php(67): Yee\Middleware\MethodOverride->call()
#10 C:\wamp\www\Yee\Yee.php(1279): Yee\Middleware\PrettyExceptions->call()
#11 C:\wamp\www\index.php(29): Yee\Yee->execute()
#12 {main}
ERROR - 2016-07-28 21:12:26 - exception 'ErrorException' with message 'Missing argument 1 for App\Models\addArticleModel\addArticleModel::addNewCategory(), called in C:\wamp\www\App\Controllers\addAtricle\addArticleController.php on line 50 and defined' in C:\wamp\www\App\Models\addArticleModel\addArticleModel.php:39
Stack trace:
#0 C:\wamp\www\App\Models\addArticleModel\addArticleModel.php(39): Yee\Yee::handleErrors(2, 'Missing argumen...', 'C:\\wamp\\www\\App...', 39, Array)
#1 C:\wamp\www\App\Controllers\addAtricle\addArticleController.php(50): App\Models\addArticleModel\addArticleModel->addNewCategory()
#2 [internal function]: addArticleController->postAction()
#3 C:\wamp\www\Yee\Managers\Controller\Controller.php(22): call_user_func_array(Array, Array)
#4 [internal function]: Yee\Managers\Controller\Controller::__callStatic('___postAction', Array)
#5 [internal function]: addArticleController::___postAction()
#6 C:\wamp\www\Yee\Route.php(462): call_user_func_array('addArticleContr...', Array)
#7 C:\wamp\www\Yee\Yee.php(1334): Yee\Route->dispatch()
#8 C:\wamp\www\Yee\Middleware\Flash.php(85): Yee\Yee->call()
#9 C:\wamp\www\Yee\Middleware\MethodOverride.php(92): Yee\Middleware\Flash->call()
#10 C:\wamp\www\Yee\Middleware\PrettyExceptions.php(67): Yee\Middleware\MethodOverride->call()
#11 C:\wamp\www\Yee\Yee.php(1279): Yee\Middleware\PrettyExceptions->call()
#12 C:\wamp\www\index.php(29): Yee\Yee->execute()
#13 {main}
