ERROR - 2016-07-25 00:07:18 - exception 'ErrorException' with message 'Problem preparing query (INSERT into users) You have an error in your SQL syntax; check the manual that corresponds to your MySQL server version for the right syntax to use near '' at line 1' in C:\wamp\www\Yee\Libraries\Database\MysqliDB.php:909
Stack trace:
#0 [internal function]: Yee\Yee::handleErrors(256, 'Problem prepari...', 'C:\\wamp\\www\\Yee...', 909, Array)
#1 C:\wamp\www\Yee\Libraries\Database\MysqliDB.php(909): trigger_error('Problem prepari...', 256)
#2 C:\wamp\www\Yee\Libraries\Database\MysqliDB.php(648): Yee\Libraries\Database\MysqliDB->_prepareQuery()
#3 C:\wamp\www\Yee\Libraries\Database\MysqliDB.php(324): Yee\Libraries\Database\MysqliDB->_buildQuery(NULL, NULL)
#4 C:\wamp\www\App\Models\SignUp\SignUpModel.php(78): Yee\Libraries\Database\MysqliDB->insert('users', NULL)
#5 C:\wamp\www\App\Controllers\Signup\SignupController.php(82): App\Models\SignUp\signUpModel->Register()
#6 [internal function]: SignupController->postAction()
#7 C:\wamp\www\Yee\Managers\Controller\Controller.php(22): call_user_func_array(Array, Array)
#8 [internal function]: Yee\Managers\Controller\Controller::__callStatic('___postAction', Array)
#9 [internal function]: SignupController::___postAction()
#10 C:\wamp\www\Yee\Route.php(462): call_user_func_array('SignupControlle...', Array)
#11 C:\wamp\www\Yee\Yee.php(1334): Yee\Route->dispatch()
#12 C:\wamp\www\Yee\Middleware\Flash.php(85): Yee\Yee->call()
#13 C:\wamp\www\Yee\Middleware\MethodOverride.php(92): Yee\Middleware\Flash->call()
#14 C:\wamp\www\Yee\Middleware\PrettyExceptions.php(67): Yee\Middleware\MethodOverride->call()
#15 C:\wamp\www\Yee\Yee.php(1279): Yee\Middleware\PrettyExceptions->call()
#16 C:\wamp\www\index.php(48): Yee\Yee->execute()
#17 {main}
ERROR - 2016-07-25 08:36:47 - exception 'Twig_Error_Syntax' with message 'Unexpected token "punctuation" of value "|" ("name" expected) in "pages/myAccount.tpl" at line 59' in C:\wamp\www\Twig\TokenStream.php:88
Stack trace:
#0 C:\wamp\www\Twig\ExpressionParser.php(428): Twig_TokenStream->expect(5)
#1 C:\wamp\www\Twig\ExpressionParser.php(422): Twig_ExpressionParser->parseFilterExpressionRaw(Object(Twig_Node_Expression_GetAttr))
#2 C:\wamp\www\Twig\ExpressionParser.php(287): Twig_ExpressionParser->parseFilterExpression(Object(Twig_Node_Expression_GetAttr))
#3 C:\wamp\www\Twig\ExpressionParser.php(179): Twig_ExpressionParser->parsePostfixExpression(Object(Twig_Node_Expression_Name))
#4 C:\wamp\www\Twig\ExpressionParser.php(84): Twig_ExpressionParser->parsePrimaryExpression()
#5 C:\wamp\www\Twig\ExpressionParser.php(41): Twig_ExpressionParser->getPrimary()
#6 C:\wamp\www\Twig\Parser.php(141): Twig_ExpressionParser->parseExpression()
#7 C:\wamp\www\Twig\Parser.php(95): Twig_Parser->subparse(NULL, false)
#8 C:\wamp\www\Twig\Environment.php(507): Twig_Parser->parse(Object(Twig_TokenStream))
#9 C:\wamp\www\Twig\Environment.php(559): Twig_Environment->parse(Object(Twig_TokenStream))
#10 C:\wamp\www\Twig\Environment.php(334): Twig_Environment->compileSource('{% include "./c...', 'pages/myAccount...')
#11 C:\wamp\www\Yee\Views\Twig.php(87): Twig_Environment->loadTemplate('pages/myAccount...')
#12 C:\wamp\www\Yee\View.php(254): Yee\Views\Twig->render('pages/myAccount...', NULL)
#13 C:\wamp\www\Yee\View.php(242): Yee\View->fetch('pages/myAccount...', NULL)
#14 C:\wamp\www\Yee\Yee.php(765): Yee\View->display('pages/myAccount...')
#15 C:\wamp\www\App\Controllers\MyAccount\MyAccountController.php(26): Yee\Yee->render('pages/myAccount...', Array)
#16 [internal function]: MyAccountController->indexAction()
#17 C:\wamp\www\Yee\Managers\Controller\Controller.php(22): call_user_func_array(Array, Array)
#18 [internal function]: Yee\Managers\Controller\Controller::__callStatic('___indexAction', Array)
#19 [internal function]: MyAccountController::___indexAction()
#20 C:\wamp\www\Yee\Route.php(462): call_user_func_array('MyAccountContro...', Array)
#21 C:\wamp\www\Yee\Yee.php(1334): Yee\Route->dispatch()
#22 C:\wamp\www\Yee\Middleware\Flash.php(85): Yee\Yee->call()
#23 C:\wamp\www\Yee\Middleware\MethodOverride.php(92): Yee\Middleware\Flash->call()
#24 C:\wamp\www\Yee\Middleware\PrettyExceptions.php(67): Yee\Middleware\MethodOverride->call()
#25 C:\wamp\www\Yee\Yee.php(1279): Yee\Middleware\PrettyExceptions->call()
#26 C:\wamp\www\index.php(48): Yee\Yee->execute()
#27 {main}
ERROR - 2016-07-25 08:44:38 - exception 'Twig_Error_Syntax' with message 'Unexpected token "punctuation" of value "|" ("name" expected) in "pages/myAccount.tpl" at line 60' in C:\wamp\www\Twig\TokenStream.php:88
Stack trace:
#0 C:\wamp\www\Twig\ExpressionParser.php(428): Twig_TokenStream->expect(5)
#1 C:\wamp\www\Twig\ExpressionParser.php(422): Twig_ExpressionParser->parseFilterExpressionRaw(Object(Twig_Node_Expression_GetAttr))
#2 C:\wamp\www\Twig\ExpressionParser.php(287): Twig_ExpressionParser->parseFilterExpression(Object(Twig_Node_Expression_GetAttr))
#3 C:\wamp\www\Twig\ExpressionParser.php(179): Twig_ExpressionParser->parsePostfixExpression(Object(Twig_Node_Expression_Name))
#4 C:\wamp\www\Twig\ExpressionParser.php(84): Twig_ExpressionParser->parsePrimaryExpression()
#5 C:\wamp\www\Twig\ExpressionParser.php(41): Twig_ExpressionParser->getPrimary()
#6 C:\wamp\www\Twig\Parser.php(141): Twig_ExpressionParser->parseExpression()
#7 C:\wamp\www\Twig\Parser.php(95): Twig_Parser->subparse(NULL, false)
#8 C:\wamp\www\Twig\Environment.php(507): Twig_Parser->parse(Object(Twig_TokenStream))
#9 C:\wamp\www\Twig\Environment.php(559): Twig_Environment->parse(Object(Twig_TokenStream))
#10 C:\wamp\www\Twig\Environment.php(334): Twig_Environment->compileSource('{% include "./c...', 'pages/myAccount...')
#11 C:\wamp\www\Yee\Views\Twig.php(87): Twig_Environment->loadTemplate('pages/myAccount...')
#12 C:\wamp\www\Yee\View.php(254): Yee\Views\Twig->render('pages/myAccount...', NULL)
#13 C:\wamp\www\Yee\View.php(242): Yee\View->fetch('pages/myAccount...', NULL)
#14 C:\wamp\www\Yee\Yee.php(765): Yee\View->display('pages/myAccount...')
#15 C:\wamp\www\App\Controllers\MyAccount\MyAccountController.php(26): Yee\Yee->render('pages/myAccount...', Array)
#16 [internal function]: MyAccountController->indexAction()
#17 C:\wamp\www\Yee\Managers\Controller\Controller.php(22): call_user_func_array(Array, Array)
#18 [internal function]: Yee\Managers\Controller\Controller::__callStatic('___indexAction', Array)
#19 [internal function]: MyAccountController::___indexAction()
#20 C:\wamp\www\Yee\Route.php(462): call_user_func_array('MyAccountContro...', Array)
#21 C:\wamp\www\Yee\Yee.php(1334): Yee\Route->dispatch()
#22 C:\wamp\www\Yee\Middleware\Flash.php(85): Yee\Yee->call()
#23 C:\wamp\www\Yee\Middleware\MethodOverride.php(92): Yee\Middleware\Flash->call()
#24 C:\wamp\www\Yee\Middleware\PrettyExceptions.php(67): Yee\Middleware\MethodOverride->call()
#25 C:\wamp\www\Yee\Yee.php(1279): Yee\Middleware\PrettyExceptions->call()
#26 C:\wamp\www\index.php(48): Yee\Yee->execute()
#27 {main}
ERROR - 2016-07-25 08:53:48 - exception 'Twig_Error_Syntax' with message 'Unexpected token "punctuation" of value "|" ("name" expected) in "pages/myAccount.tpl" at line 59' in C:\wamp\www\Twig\TokenStream.php:88
Stack trace:
#0 C:\wamp\www\Twig\ExpressionParser.php(428): Twig_TokenStream->expect(5)
#1 C:\wamp\www\Twig\ExpressionParser.php(422): Twig_ExpressionParser->parseFilterExpressionRaw(Object(Twig_Node_Expression_GetAttr))
#2 C:\wamp\www\Twig\ExpressionParser.php(287): Twig_ExpressionParser->parseFilterExpression(Object(Twig_Node_Expression_GetAttr))
#3 C:\wamp\www\Twig\ExpressionParser.php(179): Twig_ExpressionParser->parsePostfixExpression(Object(Twig_Node_Expression_Name))
#4 C:\wamp\www\Twig\ExpressionParser.php(84): Twig_ExpressionParser->parsePrimaryExpression()
#5 C:\wamp\www\Twig\ExpressionParser.php(41): Twig_ExpressionParser->getPrimary()
#6 C:\wamp\www\Twig\Parser.php(141): Twig_ExpressionParser->parseExpression()
#7 C:\wamp\www\Twig\Parser.php(95): Twig_Parser->subparse(NULL, false)
#8 C:\wamp\www\Twig\Environment.php(507): Twig_Parser->parse(Object(Twig_TokenStream))
#9 C:\wamp\www\Twig\Environment.php(559): Twig_Environment->parse(Object(Twig_TokenStream))
#10 C:\wamp\www\Twig\Environment.php(334): Twig_Environment->compileSource('{% include "./c...', 'pages/myAccount...')
#11 C:\wamp\www\Yee\Views\Twig.php(87): Twig_Environment->loadTemplate('pages/myAccount...')
#12 C:\wamp\www\Yee\View.php(254): Yee\Views\Twig->render('pages/myAccount...', NULL)
#13 C:\wamp\www\Yee\View.php(242): Yee\View->fetch('pages/myAccount...', NULL)
#14 C:\wamp\www\Yee\Yee.php(765): Yee\View->display('pages/myAccount...')
#15 C:\wamp\www\App\Controllers\MyAccount\MyAccountController.php(26): Yee\Yee->render('pages/myAccount...', Array)
#16 [internal function]: MyAccountController->indexAction()
#17 C:\wamp\www\Yee\Managers\Controller\Controller.php(22): call_user_func_array(Array, Array)
#18 [internal function]: Yee\Managers\Controller\Controller::__callStatic('___indexAction', Array)
#19 [internal function]: MyAccountController::___indexAction()
#20 C:\wamp\www\Yee\Route.php(462): call_user_func_array('MyAccountContro...', Array)
#21 C:\wamp\www\Yee\Yee.php(1334): Yee\Route->dispatch()
#22 C:\wamp\www\Yee\Middleware\Flash.php(85): Yee\Yee->call()
#23 C:\wamp\www\Yee\Middleware\MethodOverride.php(92): Yee\Middleware\Flash->call()
#24 C:\wamp\www\Yee\Middleware\PrettyExceptions.php(67): Yee\Middleware\MethodOverride->call()
#25 C:\wamp\www\Yee\Yee.php(1279): Yee\Middleware\PrettyExceptions->call()
#26 C:\wamp\www\index.php(48): Yee\Yee->execute()
#27 {main}
ERROR - 2016-07-25 14:08:46 - exception 'ErrorException' with message 'Missing argument 3 for App\Models\ChangePassModel\ChangePassModel::__construct(), called in C:\wamp\www\App\Controllers\ChangePass\ChangePassController.php on line 16 and defined' in C:\wamp\www\App\Models\ChangePassModel\ChangePassModel.php:10
Stack trace:
#0 C:\wamp\www\App\Models\ChangePassModel\ChangePassModel.php(10): Yee\Yee::handleErrors(2, 'Missing argumen...', 'C:\\wamp\\www\\App...', 10, Array)
#1 C:\wamp\www\App\Controllers\ChangePass\ChangePassController.php(16): App\Models\ChangePassModel\ChangePassModel->__construct(NULL, NULL)
#2 [internal function]: ChangePassController->indexAction()
#3 C:\wamp\www\Yee\Managers\Controller\Controller.php(22): call_user_func_array(Array, Array)
#4 [internal function]: Yee\Managers\Controller\Controller::__callStatic('___indexAction', Array)
#5 [internal function]: ChangePassController::___indexAction()
#6 C:\wamp\www\Yee\Route.php(462): call_user_func_array('ChangePassContr...', Array)
#7 C:\wamp\www\Yee\Yee.php(1334): Yee\Route->dispatch()
#8 C:\wamp\www\Yee\Middleware\Flash.php(85): Yee\Yee->call()
#9 C:\wamp\www\Yee\Middleware\MethodOverride.php(92): Yee\Middleware\Flash->call()
#10 C:\wamp\www\Yee\Middleware\PrettyExceptions.php(67): Yee\Middleware\MethodOverride->call()
#11 C:\wamp\www\Yee\Yee.php(1279): Yee\Middleware\PrettyExceptions->call()
#12 C:\wamp\www\index.php(48): Yee\Yee->execute()
#13 {main}
ERROR - 2016-07-25 14:09:01 - exception 'ErrorException' with message 'Missing argument 3 for App\Models\ChangePassModel\ChangePassModel::__construct(), called in C:\wamp\www\App\Controllers\ChangePass\ChangePassController.php on line 17 and defined' in C:\wamp\www\App\Models\ChangePassModel\ChangePassModel.php:10
Stack trace:
#0 C:\wamp\www\App\Models\ChangePassModel\ChangePassModel.php(10): Yee\Yee::handleErrors(2, 'Missing argumen...', 'C:\\wamp\\www\\App...', 10, Array)
#1 C:\wamp\www\App\Controllers\ChangePass\ChangePassController.php(17): App\Models\ChangePassModel\ChangePassModel->__construct(NULL, NULL)
#2 [internal function]: ChangePassController->indexAction()
#3 C:\wamp\www\Yee\Managers\Controller\Controller.php(22): call_user_func_array(Array, Array)
#4 [internal function]: Yee\Managers\Controller\Controller::__callStatic('___indexAction', Array)
#5 [internal function]: ChangePassController::___indexAction()
#6 C:\wamp\www\Yee\Route.php(462): call_user_func_array('ChangePassContr...', Array)
#7 C:\wamp\www\Yee\Yee.php(1334): Yee\Route->dispatch()
#8 C:\wamp\www\Yee\Middleware\Flash.php(85): Yee\Yee->call()
#9 C:\wamp\www\Yee\Middleware\MethodOverride.php(92): Yee\Middleware\Flash->call()
#10 C:\wamp\www\Yee\Middleware\PrettyExceptions.php(67): Yee\Middleware\MethodOverride->call()
#11 C:\wamp\www\Yee\Yee.php(1279): Yee\Middleware\PrettyExceptions->call()
#12 C:\wamp\www\index.php(48): Yee\Yee->execute()
#13 {main}
ERROR - 2016-07-25 14:09:04 - exception 'ErrorException' with message 'Missing argument 3 for App\Models\ChangePassModel\ChangePassModel::__construct(), called in C:\wamp\www\App\Controllers\ChangePass\ChangePassController.php on line 17 and defined' in C:\wamp\www\App\Models\ChangePassModel\ChangePassModel.php:10
Stack trace:
#0 C:\wamp\www\App\Models\ChangePassModel\ChangePassModel.php(10): Yee\Yee::handleErrors(2, 'Missing argumen...', 'C:\\wamp\\www\\App...', 10, Array)
#1 C:\wamp\www\App\Controllers\ChangePass\ChangePassController.php(17): App\Models\ChangePassModel\ChangePassModel->__construct(NULL, NULL)
#2 [internal function]: ChangePassController->indexAction()
#3 C:\wamp\www\Yee\Managers\Controller\Controller.php(22): call_user_func_array(Array, Array)
#4 [internal function]: Yee\Managers\Controller\Controller::__callStatic('___indexAction', Array)
#5 [internal function]: ChangePassController::___indexAction()
#6 C:\wamp\www\Yee\Route.php(462): call_user_func_array('ChangePassContr...', Array)
#7 C:\wamp\www\Yee\Yee.php(1334): Yee\Route->dispatch()
#8 C:\wamp\www\Yee\Middleware\Flash.php(85): Yee\Yee->call()
#9 C:\wamp\www\Yee\Middleware\MethodOverride.php(92): Yee\Middleware\Flash->call()
#10 C:\wamp\www\Yee\Middleware\PrettyExceptions.php(67): Yee\Middleware\MethodOverride->call()
#11 C:\wamp\www\Yee\Yee.php(1279): Yee\Middleware\PrettyExceptions->call()
#12 C:\wamp\www\index.php(48): Yee\Yee->execute()
#13 {main}
ERROR - 2016-07-25 14:09:05 - exception 'ErrorException' with message 'Missing argument 3 for App\Models\ChangePassModel\ChangePassModel::__construct(), called in C:\wamp\www\App\Controllers\ChangePass\ChangePassController.php on line 17 and defined' in C:\wamp\www\App\Models\ChangePassModel\ChangePassModel.php:10
Stack trace:
#0 C:\wamp\www\App\Models\ChangePassModel\ChangePassModel.php(10): Yee\Yee::handleErrors(2, 'Missing argumen...', 'C:\\wamp\\www\\App...', 10, Array)
#1 C:\wamp\www\App\Controllers\ChangePass\ChangePassController.php(17): App\Models\ChangePassModel\ChangePassModel->__construct(NULL, NULL)
#2 [internal function]: ChangePassController->indexAction()
#3 C:\wamp\www\Yee\Managers\Controller\Controller.php(22): call_user_func_array(Array, Array)
#4 [internal function]: Yee\Managers\Controller\Controller::__callStatic('___indexAction', Array)
#5 [internal function]: ChangePassController::___indexAction()
#6 C:\wamp\www\Yee\Route.php(462): call_user_func_array('ChangePassContr...', Array)
#7 C:\wamp\www\Yee\Yee.php(1334): Yee\Route->dispatch()
#8 C:\wamp\www\Yee\Middleware\Flash.php(85): Yee\Yee->call()
#9 C:\wamp\www\Yee\Middleware\MethodOverride.php(92): Yee\Middleware\Flash->call()
#10 C:\wamp\www\Yee\Middleware\PrettyExceptions.php(67): Yee\Middleware\MethodOverride->call()
#11 C:\wamp\www\Yee\Yee.php(1279): Yee\Middleware\PrettyExceptions->call()
#12 C:\wamp\www\index.php(48): Yee\Yee->execute()
#13 {main}
ERROR - 2016-07-25 14:09:06 - exception 'ErrorException' with message 'Missing argument 3 for App\Models\ChangePassModel\ChangePassModel::__construct(), called in C:\wamp\www\App\Controllers\ChangePass\ChangePassController.php on line 17 and defined' in C:\wamp\www\App\Models\ChangePassModel\ChangePassModel.php:10
Stack trace:
#0 C:\wamp\www\App\Models\ChangePassModel\ChangePassModel.php(10): Yee\Yee::handleErrors(2, 'Missing argumen...', 'C:\\wamp\\www\\App...', 10, Array)
#1 C:\wamp\www\App\Controllers\ChangePass\ChangePassController.php(17): App\Models\ChangePassModel\ChangePassModel->__construct(NULL, NULL)
#2 [internal function]: ChangePassController->indexAction()
#3 C:\wamp\www\Yee\Managers\Controller\Controller.php(22): call_user_func_array(Array, Array)
#4 [internal function]: Yee\Managers\Controller\Controller::__callStatic('___indexAction', Array)
#5 [internal function]: ChangePassController::___indexAction()
#6 C:\wamp\www\Yee\Route.php(462): call_user_func_array('ChangePassContr...', Array)
#7 C:\wamp\www\Yee\Yee.php(1334): Yee\Route->dispatch()
#8 C:\wamp\www\Yee\Middleware\Flash.php(85): Yee\Yee->call()
#9 C:\wamp\www\Yee\Middleware\MethodOverride.php(92): Yee\Middleware\Flash->call()
#10 C:\wamp\www\Yee\Middleware\PrettyExceptions.php(67): Yee\Middleware\MethodOverride->call()
#11 C:\wamp\www\Yee\Yee.php(1279): Yee\Middleware\PrettyExceptions->call()
#12 C:\wamp\www\index.php(48): Yee\Yee->execute()
#13 {main}
ERROR - 2016-07-25 14:09:07 - exception 'ErrorException' with message 'Missing argument 3 for App\Models\ChangePassModel\ChangePassModel::__construct(), called in C:\wamp\www\App\Controllers\ChangePass\ChangePassController.php on line 17 and defined' in C:\wamp\www\App\Models\ChangePassModel\ChangePassModel.php:10
Stack trace:
#0 C:\wamp\www\App\Models\ChangePassModel\ChangePassModel.php(10): Yee\Yee::handleErrors(2, 'Missing argumen...', 'C:\\wamp\\www\\App...', 10, Array)
#1 C:\wamp\www\App\Controllers\ChangePass\ChangePassController.php(17): App\Models\ChangePassModel\ChangePassModel->__construct(NULL, NULL)
#2 [internal function]: ChangePassController->indexAction()
#3 C:\wamp\www\Yee\Managers\Controller\Controller.php(22): call_user_func_array(Array, Array)
#4 [internal function]: Yee\Managers\Controller\Controller::__callStatic('___indexAction', Array)
#5 [internal function]: ChangePassController::___indexAction()
#6 C:\wamp\www\Yee\Route.php(462): call_user_func_array('ChangePassContr...', Array)
#7 C:\wamp\www\Yee\Yee.php(1334): Yee\Route->dispatch()
#8 C:\wamp\www\Yee\Middleware\Flash.php(85): Yee\Yee->call()
#9 C:\wamp\www\Yee\Middleware\MethodOverride.php(92): Yee\Middleware\Flash->call()
#10 C:\wamp\www\Yee\Middleware\PrettyExceptions.php(67): Yee\Middleware\MethodOverride->call()
#11 C:\wamp\www\Yee\Yee.php(1279): Yee\Middleware\PrettyExceptions->call()
#12 C:\wamp\www\index.php(48): Yee\Yee->execute()
#13 {main}
