ERROR - 2016-07-31 06:15:59 - exception 'ErrorException' with message 'Array to string conversion' in C:\wamp\www\Twig\Loader\Filesystem.php:212
Stack trace:
#0 C:\wamp\www\Twig\Loader\Filesystem.php(212): Yee\Yee::handleErrors(8, 'Array to string...', 'C:\\wamp\\www\\Twi...', 212, Array)
#1 C:\wamp\www\Twig\Loader\Filesystem.php(171): Twig_Loader_Filesystem->normalizeName(Array)
#2 C:\wamp\www\Twig\Loader\Filesystem.php(138): Twig_Loader_Filesystem->findTemplate(Array)
#3 C:\wamp\www\Twig\Environment.php(265): Twig_Loader_Filesystem->getCacheKey(Array)
#4 C:\wamp\www\Twig\Environment.php(323): Twig_Environment->getTemplateClass(Array, NULL)
#5 C:\wamp\www\Yee\Views\Twig.php(87): Twig_Environment->loadTemplate(Array)
#6 C:\wamp\www\Yee\View.php(254): Yee\Views\Twig->render(Array, NULL)
#7 C:\wamp\www\Yee\View.php(242): Yee\View->fetch(Array, NULL)
#8 C:\wamp\www\Yee\Yee.php(765): Yee\View->display(Array)
#9 C:\wamp\www\App\Controllers\Error404\Error404Controller.php(21): Yee\Yee->render(Array)
#10 [internal function]: errorController->indexAction()
#11 C:\wamp\www\Yee\Managers\Controller\Controller.php(22): call_user_func_array(Array, Array)
#12 [internal function]: Yee\Managers\Controller\Controller::__callStatic('___indexAction', Array)
#13 [internal function]: errorController::___indexAction()
#14 C:\wamp\www\Yee\Route.php(462): call_user_func_array('errorController...', Array)
#15 C:\wamp\www\Yee\Yee.php(1334): Yee\Route->dispatch()
#16 C:\wamp\www\Yee\Middleware\Flash.php(85): Yee\Yee->call()
#17 C:\wamp\www\Yee\Middleware\MethodOverride.php(92): Yee\Middleware\Flash->call()
#18 C:\wamp\www\Yee\Middleware\PrettyExceptions.php(67): Yee\Middleware\MethodOverride->call()
#19 C:\wamp\www\Yee\Yee.php(1279): Yee\Middleware\PrettyExceptions->call()
#20 C:\wamp\www\index.php(30): Yee\Yee->execute()
#21 {main}
ERROR - 2016-07-31 06:18:17 - exception 'ErrorException' with message 'Array to string conversion' in C:\wamp\www\Twig\Loader\Filesystem.php:212
Stack trace:
#0 C:\wamp\www\Twig\Loader\Filesystem.php(212): Yee\Yee::handleErrors(8, 'Array to string...', 'C:\\wamp\\www\\Twi...', 212, Array)
#1 C:\wamp\www\Twig\Loader\Filesystem.php(171): Twig_Loader_Filesystem->normalizeName(Array)
#2 C:\wamp\www\Twig\Loader\Filesystem.php(138): Twig_Loader_Filesystem->findTemplate(Array)
#3 C:\wamp\www\Twig\Environment.php(265): Twig_Loader_Filesystem->getCacheKey(Array)
#4 C:\wamp\www\Twig\Environment.php(323): Twig_Environment->getTemplateClass(Array, NULL)
#5 C:\wamp\www\Yee\Views\Twig.php(87): Twig_Environment->loadTemplate(Array)
#6 C:\wamp\www\Yee\View.php(254): Yee\Views\Twig->render(Array, NULL)
#7 C:\wamp\www\Yee\View.php(242): Yee\View->fetch(Array, NULL)
#8 C:\wamp\www\Yee\Yee.php(765): Yee\View->display(Array)
#9 C:\wamp\www\App\Controllers\Error404\Error404Controller.php(21): Yee\Yee->render(Array)
#10 [internal function]: errorController->indexAction()
#11 C:\wamp\www\Yee\Managers\Controller\Controller.php(22): call_user_func_array(Array, Array)
#12 [internal function]: Yee\Managers\Controller\Controller::__callStatic('___indexAction', Array)
#13 [internal function]: errorController::___indexAction()
#14 C:\wamp\www\Yee\Route.php(462): call_user_func_array('errorController...', Array)
#15 C:\wamp\www\Yee\Yee.php(1334): Yee\Route->dispatch()
#16 C:\wamp\www\Yee\Middleware\Flash.php(85): Yee\Yee->call()
#17 C:\wamp\www\Yee\Middleware\MethodOverride.php(92): Yee\Middleware\Flash->call()
#18 C:\wamp\www\Yee\Middleware\PrettyExceptions.php(67): Yee\Middleware\MethodOverride->call()
#19 C:\wamp\www\Yee\Yee.php(1279): Yee\Middleware\PrettyExceptions->call()
#20 C:\wamp\www\index.php(30): Yee\Yee->execute()
#21 {main}
ERROR - 2016-07-31 06:18:25 - exception 'ErrorException' with message 'Array to string conversion' in C:\wamp\www\Twig\Loader\Filesystem.php:212
Stack trace:
#0 C:\wamp\www\Twig\Loader\Filesystem.php(212): Yee\Yee::handleErrors(8, 'Array to string...', 'C:\\wamp\\www\\Twi...', 212, Array)
#1 C:\wamp\www\Twig\Loader\Filesystem.php(171): Twig_Loader_Filesystem->normalizeName(Array)
#2 C:\wamp\www\Twig\Loader\Filesystem.php(138): Twig_Loader_Filesystem->findTemplate(Array)
#3 C:\wamp\www\Twig\Environment.php(265): Twig_Loader_Filesystem->getCacheKey(Array)
#4 C:\wamp\www\Twig\Environment.php(323): Twig_Environment->getTemplateClass(Array, NULL)
#5 C:\wamp\www\Yee\Views\Twig.php(87): Twig_Environment->loadTemplate(Array)
#6 C:\wamp\www\Yee\View.php(254): Yee\Views\Twig->render(Array, NULL)
#7 C:\wamp\www\Yee\View.php(242): Yee\View->fetch(Array, NULL)
#8 C:\wamp\www\Yee\Yee.php(765): Yee\View->display(Array)
#9 C:\wamp\www\App\Controllers\Error404\Error404Controller.php(21): Yee\Yee->render(Array)
#10 [internal function]: errorController->indexAction()
#11 C:\wamp\www\Yee\Managers\Controller\Controller.php(22): call_user_func_array(Array, Array)
#12 [internal function]: Yee\Managers\Controller\Controller::__callStatic('___indexAction', Array)
#13 [internal function]: errorController::___indexAction()
#14 C:\wamp\www\Yee\Route.php(462): call_user_func_array('errorController...', Array)
#15 C:\wamp\www\Yee\Yee.php(1334): Yee\Route->dispatch()
#16 C:\wamp\www\Yee\Middleware\Flash.php(85): Yee\Yee->call()
#17 C:\wamp\www\Yee\Middleware\MethodOverride.php(92): Yee\Middleware\Flash->call()
#18 C:\wamp\www\Yee\Middleware\PrettyExceptions.php(67): Yee\Middleware\MethodOverride->call()
#19 C:\wamp\www\Yee\Yee.php(1279): Yee\Middleware\PrettyExceptions->call()
#20 C:\wamp\www\index.php(30): Yee\Yee->execute()
#21 {main}
ERROR - 2016-07-31 06:50:47 - exception 'ErrorException' with message 'preg_match(): Compilation failed: two named subpatterns have the same name at offset 20' in C:\wamp\www\Yee\Route.php:387
Stack trace:
#0 [internal function]: Yee\Yee::handleErrors(2, 'preg_match(): C...', 'C:\\wamp\\www\\Yee...', 387, Array)
#1 C:\wamp\www\Yee\Route.php(387): preg_match('#^/(?P<a>[^/]+)...', '/sadamasdasd', NULL)
#2 C:\wamp\www\Yee\Router.php(113): Yee\Route->matches('/sadamasdasd')
#3 C:\wamp\www\Yee\Yee.php(1330): Yee\Router->getMatchedRoutes('GET', '/sadamasdasd')
#4 C:\wamp\www\Yee\Middleware\Flash.php(85): Yee\Yee->call()
#5 C:\wamp\www\Yee\Middleware\MethodOverride.php(92): Yee\Middleware\Flash->call()
#6 C:\wamp\www\Yee\Middleware\PrettyExceptions.php(67): Yee\Middleware\MethodOverride->call()
#7 C:\wamp\www\Yee\Yee.php(1279): Yee\Middleware\PrettyExceptions->call()
#8 C:\wamp\www\index.php(30): Yee\Yee->execute()
#9 {main}
ERROR - 2016-07-31 06:50:56 - exception 'ErrorException' with message 'preg_match(): Compilation failed: two named subpatterns have the same name at offset 20' in C:\wamp\www\Yee\Route.php:387
Stack trace:
#0 [internal function]: Yee\Yee::handleErrors(2, 'preg_match(): C...', 'C:\\wamp\\www\\Yee...', 387, Array)
#1 C:\wamp\www\Yee\Route.php(387): preg_match('#^/(?P<a>[^/]+)...', '/', NULL)
#2 C:\wamp\www\Yee\Router.php(113): Yee\Route->matches('/')
#3 C:\wamp\www\Yee\Yee.php(1330): Yee\Router->getMatchedRoutes('GET', '/')
#4 C:\wamp\www\Yee\Middleware\Flash.php(85): Yee\Yee->call()
#5 C:\wamp\www\Yee\Middleware\MethodOverride.php(92): Yee\Middleware\Flash->call()
#6 C:\wamp\www\Yee\Middleware\PrettyExceptions.php(67): Yee\Middleware\MethodOverride->call()
#7 C:\wamp\www\Yee\Yee.php(1279): Yee\Middleware\PrettyExceptions->call()
#8 C:\wamp\www\index.php(30): Yee\Yee->execute()
#9 {main}
ERROR - 2016-07-31 06:51:00 - exception 'ErrorException' with message 'preg_match(): Compilation failed: two named subpatterns have the same name at offset 20' in C:\wamp\www\Yee\Route.php:387
Stack trace:
#0 [internal function]: Yee\Yee::handleErrors(2, 'preg_match(): C...', 'C:\\wamp\\www\\Yee...', 387, Array)
#1 C:\wamp\www\Yee\Route.php(387): preg_match('#^/(?P<a>[^/]+)...', '/asd', NULL)
#2 C:\wamp\www\Yee\Router.php(113): Yee\Route->matches('/asd')
#3 C:\wamp\www\Yee\Yee.php(1330): Yee\Router->getMatchedRoutes('GET', '/asd')
#4 C:\wamp\www\Yee\Middleware\Flash.php(85): Yee\Yee->call()
#5 C:\wamp\www\Yee\Middleware\MethodOverride.php(92): Yee\Middleware\Flash->call()
#6 C:\wamp\www\Yee\Middleware\PrettyExceptions.php(67): Yee\Middleware\MethodOverride->call()
#7 C:\wamp\www\Yee\Yee.php(1279): Yee\Middleware\PrettyExceptions->call()
#8 C:\wamp\www\index.php(30): Yee\Yee->execute()
#9 {main}
ERROR - 2016-07-31 11:25:56 - exception 'ErrorException' with message 'Undefined variable: categoriesDate' in C:\wamp\www\App\Controllers\addCategory\addCategoryController.php:86
Stack trace:
#0 C:\wamp\www\App\Controllers\addCategory\addCategoryController.php(86): Yee\Yee::handleErrors(8, 'Undefined varia...', 'C:\\wamp\\www\\App...', 86, Array)
#1 [internal function]: addCategoryController->postAction()
#2 C:\wamp\www\Yee\Managers\Controller\Controller.php(22): call_user_func_array(Array, Array)
#3 [internal function]: Yee\Managers\Controller\Controller::__callStatic('___postAction', Array)
#4 [internal function]: addCategoryController::___postAction()
#5 C:\wamp\www\Yee\Route.php(462): call_user_func_array('addCategoryCont...', Array)
#6 C:\wamp\www\Yee\Yee.php(1334): Yee\Route->dispatch()
#7 C:\wamp\www\Yee\Middleware\Flash.php(85): Yee\Yee->call()
#8 C:\wamp\www\Yee\Middleware\MethodOverride.php(92): Yee\Middleware\Flash->call()
#9 C:\wamp\www\Yee\Middleware\PrettyExceptions.php(67): Yee\Middleware\MethodOverride->call()
#10 C:\wamp\www\Yee\Yee.php(1279): Yee\Middleware\PrettyExceptions->call()
#11 C:\wamp\www\index.php(30): Yee\Yee->execute()
#12 {main}
ERROR - 2016-07-31 11:28:19 - exception 'InvalidArgumentException' with message 'Cannot append view data. Expected array argument.' in C:\wamp\www\Yee\View.php:190
Stack trace:
#0 C:\wamp\www\Yee\Yee.php(764): Yee\View->appendData('"allRows" => $e...')
#1 C:\wamp\www\App\Controllers\addCategory\addCategoryController.php(27): Yee\Yee->render('pages/addCatego...', '"allRows" => $e...')
#2 [internal function]: addCategoryController->indexAction()
#3 C:\wamp\www\Yee\Managers\Controller\Controller.php(22): call_user_func_array(Array, Array)
#4 [internal function]: Yee\Managers\Controller\Controller::__callStatic('___indexAction', Array)
#5 [internal function]: addCategoryController::___indexAction()
#6 C:\wamp\www\Yee\Route.php(462): call_user_func_array('addCategoryCont...', Array)
#7 C:\wamp\www\Yee\Yee.php(1334): Yee\Route->dispatch()
#8 C:\wamp\www\Yee\Middleware\Flash.php(85): Yee\Yee->call()
#9 C:\wamp\www\Yee\Middleware\MethodOverride.php(92): Yee\Middleware\Flash->call()
#10 C:\wamp\www\Yee\Middleware\PrettyExceptions.php(67): Yee\Middleware\MethodOverride->call()
#11 C:\wamp\www\Yee\Yee.php(1279): Yee\Middleware\PrettyExceptions->call()
#12 C:\wamp\www\index.php(30): Yee\Yee->execute()
#13 {main}
ERROR - 2016-07-31 11:29:50 - exception 'InvalidArgumentException' with message 'Cannot append view data. Expected array argument.' in C:\wamp\www\Yee\View.php:190
Stack trace:
#0 C:\wamp\www\Yee\Yee.php(764): Yee\View->appendData('"allRows" => $e...')
#1 C:\wamp\www\App\Controllers\addCategory\addCategoryController.php(27): Yee\Yee->render('pages/addCatego...', '"allRows" => $e...')
#2 [internal function]: addCategoryController->indexAction()
#3 C:\wamp\www\Yee\Managers\Controller\Controller.php(22): call_user_func_array(Array, Array)
#4 [internal function]: Yee\Managers\Controller\Controller::__callStatic('___indexAction', Array)
#5 [internal function]: addCategoryController::___indexAction()
#6 C:\wamp\www\Yee\Route.php(462): call_user_func_array('addCategoryCont...', Array)
#7 C:\wamp\www\Yee\Yee.php(1334): Yee\Route->dispatch()
#8 C:\wamp\www\Yee\Middleware\Flash.php(85): Yee\Yee->call()
#9 C:\wamp\www\Yee\Middleware\MethodOverride.php(92): Yee\Middleware\Flash->call()
#10 C:\wamp\www\Yee\Middleware\PrettyExceptions.php(67): Yee\Middleware\MethodOverride->call()
#11 C:\wamp\www\Yee\Yee.php(1279): Yee\Middleware\PrettyExceptions->call()
#12 C:\wamp\www\index.php(30): Yee\Yee->execute()
#13 {main}
ERROR - 2016-07-31 11:29:56 - exception 'InvalidArgumentException' with message 'Cannot append view data. Expected array argument.' in C:\wamp\www\Yee\View.php:190
Stack trace:
#0 C:\wamp\www\Yee\Yee.php(764): Yee\View->appendData('"allRows" => $e...')
#1 C:\wamp\www\App\Controllers\addCategory\addCategoryController.php(27): Yee\Yee->render('pages/addCatego...', '"allRows" => $e...')
#2 [internal function]: addCategoryController->indexAction()
#3 C:\wamp\www\Yee\Managers\Controller\Controller.php(22): call_user_func_array(Array, Array)
#4 [internal function]: Yee\Managers\Controller\Controller::__callStatic('___indexAction', Array)
#5 [internal function]: addCategoryController::___indexAction()
#6 C:\wamp\www\Yee\Route.php(462): call_user_func_array('addCategoryCont...', Array)
#7 C:\wamp\www\Yee\Yee.php(1334): Yee\Route->dispatch()
#8 C:\wamp\www\Yee\Middleware\Flash.php(85): Yee\Yee->call()
#9 C:\wamp\www\Yee\Middleware\MethodOverride.php(92): Yee\Middleware\Flash->call()
#10 C:\wamp\www\Yee\Middleware\PrettyExceptions.php(67): Yee\Middleware\MethodOverride->call()
#11 C:\wamp\www\Yee\Yee.php(1279): Yee\Middleware\PrettyExceptions->call()
#12 C:\wamp\www\index.php(30): Yee\Yee->execute()
#13 {main}
ERROR - 2016-07-31 11:29:59 - exception 'InvalidArgumentException' with message 'Cannot append view data. Expected array argument.' in C:\wamp\www\Yee\View.php:190
Stack trace:
#0 C:\wamp\www\Yee\Yee.php(764): Yee\View->appendData('"allRows" => $e...')
#1 C:\wamp\www\App\Controllers\addCategory\addCategoryController.php(27): Yee\Yee->render('pages/addCatego...', '"allRows" => $e...')
#2 [internal function]: addCategoryController->indexAction()
#3 C:\wamp\www\Yee\Managers\Controller\Controller.php(22): call_user_func_array(Array, Array)
#4 [internal function]: Yee\Managers\Controller\Controller::__callStatic('___indexAction', Array)
#5 [internal function]: addCategoryController::___indexAction()
#6 C:\wamp\www\Yee\Route.php(462): call_user_func_array('addCategoryCont...', Array)
#7 C:\wamp\www\Yee\Yee.php(1334): Yee\Route->dispatch()
#8 C:\wamp\www\Yee\Middleware\Flash.php(85): Yee\Yee->call()
#9 C:\wamp\www\Yee\Middleware\MethodOverride.php(92): Yee\Middleware\Flash->call()
#10 C:\wamp\www\Yee\Middleware\PrettyExceptions.php(67): Yee\Middleware\MethodOverride->call()
#11 C:\wamp\www\Yee\Yee.php(1279): Yee\Middleware\PrettyExceptions->call()
#12 C:\wamp\www\index.php(30): Yee\Yee->execute()
#13 {main}
