ERROR - 2016-07-30 15:25:52 - exception 'Twig_Error_Loader' with message 'Unable to find template "/common/header.tpl" (looked into: ./templates) in "pages/addArticle.tpl" at line 1.' in C:\wamp\www\Twig\Loader\Filesystem.php:191
Stack trace:
#0 C:\wamp\www\Twig\Loader\Filesystem.php(138): Twig_Loader_Filesystem->findTemplate('/common/header....')
#1 C:\wamp\www\Twig\Environment.php(265): Twig_Loader_Filesystem->getCacheKey('/common/header....')
#2 C:\wamp\www\Twig\Environment.php(323): Twig_Environment->getTemplateClass('/common/header....', NULL)
#3 C:\wamp\www\cache\templates_c\ac\26\f849ea33ed5cc8c5f93fd82759de50e57c6c6705be7405fe79b72f51d90f.php(19): Twig_Environment->loadTemplate('/common/header....')
#4 C:\wamp\www\Twig\Template.php(279): __TwigTemplate_ac26f849ea33ed5cc8c5f93fd82759de50e57c6c6705be7405fe79b72f51d90f->doDisplay(Array, Array)
#5 C:\wamp\www\Twig\Template.php(253): Twig_Template->displayWithErrorHandling(Array, Array)
#6 C:\wamp\www\Twig\Template.php(264): Twig_Template->display(Array)
#7 C:\wamp\www\Yee\Views\Twig.php(91): Twig_Template->render(Array)
#8 C:\wamp\www\Yee\View.php(254): Yee\Views\Twig->render('pages/addArticl...', NULL)
#9 C:\wamp\www\Yee\View.php(242): Yee\View->fetch('pages/addArticl...', NULL)
#10 C:\wamp\www\Yee\Yee.php(765): Yee\View->display('pages/addArticl...')
#11 C:\wamp\www\App\Controllers\addAtricle\addArticleController.php(22): Yee\Yee->render('pages/addArticl...', Array)
#12 [internal function]: addArticleController->indexAction()
#13 C:\wamp\www\Yee\Managers\Controller\Controller.php(22): call_user_func_array(Array, Array)
#14 [internal function]: Yee\Managers\Controller\Controller::__callStatic('___indexAction', Array)
#15 [internal function]: addArticleController::___indexAction()
#16 C:\wamp\www\Yee\Route.php(462): call_user_func_array('addArticleContr...', Array)
#17 C:\wamp\www\Yee\Yee.php(1334): Yee\Route->dispatch()
#18 C:\wamp\www\Yee\Middleware\Flash.php(85): Yee\Yee->call()
#19 C:\wamp\www\Yee\Middleware\MethodOverride.php(92): Yee\Middleware\Flash->call()
#20 C:\wamp\www\Yee\Middleware\PrettyExceptions.php(67): Yee\Middleware\MethodOverride->call()
#21 C:\wamp\www\Yee\Yee.php(1279): Yee\Middleware\PrettyExceptions->call()
#22 C:\wamp\www\index.php(30): Yee\Yee->execute()
#23 {main}
ERROR - 2016-07-30 15:57:21 - exception 'Twig_Error_Loader' with message 'Unable to find template "pages/Articles.tpl" (looked into: ./templates).' in C:\wamp\www\Twig\Loader\Filesystem.php:191
Stack trace:
#0 C:\wamp\www\Twig\Loader\Filesystem.php(138): Twig_Loader_Filesystem->findTemplate('pages/Articles....')
#1 C:\wamp\www\Twig\Environment.php(265): Twig_Loader_Filesystem->getCacheKey('pages/Articles....')
#2 C:\wamp\www\Twig\Environment.php(323): Twig_Environment->getTemplateClass('pages/Articles....', NULL)
#3 C:\wamp\www\Yee\Views\Twig.php(87): Twig_Environment->loadTemplate('pages/Articles....')
#4 C:\wamp\www\Yee\View.php(254): Yee\Views\Twig->render('pages/Articles....', NULL)
#5 C:\wamp\www\Yee\View.php(242): Yee\View->fetch('pages/Articles....', NULL)
#6 C:\wamp\www\Yee\Yee.php(765): Yee\View->display('pages/Articles....')
#7 C:\wamp\www\App\Controllers\Articles\articlesController.php(37): Yee\Yee->render('pages/Articles....', Array)
#8 [internal function]: articlesController->indexAction()
#9 C:\wamp\www\Yee\Managers\Controller\Controller.php(22): call_user_func_array(Array, Array)
#10 [internal function]: Yee\Managers\Controller\Controller::__callStatic('___indexAction', Array)
#11 [internal function]: articlesController::___indexAction()
#12 C:\wamp\www\Yee\Route.php(462): call_user_func_array('articlesControl...', Array)
#13 C:\wamp\www\Yee\Yee.php(1334): Yee\Route->dispatch()
#14 C:\wamp\www\Yee\Middleware\Flash.php(85): Yee\Yee->call()
#15 C:\wamp\www\Yee\Middleware\MethodOverride.php(92): Yee\Middleware\Flash->call()
#16 C:\wamp\www\Yee\Middleware\PrettyExceptions.php(67): Yee\Middleware\MethodOverride->call()
#17 C:\wamp\www\Yee\Yee.php(1279): Yee\Middleware\PrettyExceptions->call()
#18 C:\wamp\www\index.php(30): Yee\Yee->execute()
#19 {main}
ERROR - 2016-07-30 17:58:18 - exception 'Twig_Error_Syntax' with message 'Unexpected token "operator" of value "=" ("end of statement block" expected) in "pages/Category.tpl" at line 49' in C:\wamp\www\Twig\TokenStream.php:88
Stack trace:
#0 C:\wamp\www\Twig\TokenParser\If.php(40): Twig_TokenStream->expect(3)
#1 C:\wamp\www\Twig\Parser.php(187): Twig_TokenParser_If->parse(Object(Twig_Token))
#2 C:\wamp\www\Twig\TokenParser\For.php(47): Twig_Parser->subparse(Array)
#3 C:\wamp\www\Twig\Parser.php(187): Twig_TokenParser_For->parse(Object(Twig_Token))
#4 C:\wamp\www\Twig\Parser.php(95): Twig_Parser->subparse(NULL, false)
#5 C:\wamp\www\Twig\Environment.php(507): Twig_Parser->parse(Object(Twig_TokenStream))
#6 C:\wamp\www\Twig\Environment.php(559): Twig_Environment->parse(Object(Twig_TokenStream))
#7 C:\wamp\www\Twig\Environment.php(334): Twig_Environment->compileSource('{% include("/co...', 'pages/Category....')
#8 C:\wamp\www\Yee\Views\Twig.php(87): Twig_Environment->loadTemplate('pages/Category....')
#9 C:\wamp\www\Yee\View.php(254): Yee\Views\Twig->render('pages/Category....', NULL)
#10 C:\wamp\www\Yee\View.php(242): Yee\View->fetch('pages/Category....', NULL)
#11 C:\wamp\www\Yee\Yee.php(765): Yee\View->display('pages/Category....')
#12 C:\wamp\www\App\Controllers\Articles\articlesController.php(82): Yee\Yee->render('pages/Category....', Array)
#13 [internal function]: articlesController->categoryAction('4')
#14 C:\wamp\www\Yee\Managers\Controller\Controller.php(22): call_user_func_array(Array, Array)
#15 [internal function]: Yee\Managers\Controller\Controller::__callStatic('___categoryActi...', Array)
#16 [internal function]: articlesController::___categoryAction('4')
#17 C:\wamp\www\Yee\Route.php(462): call_user_func_array('articlesControl...', Array)
#18 C:\wamp\www\Yee\Yee.php(1334): Yee\Route->dispatch()
#19 C:\wamp\www\Yee\Middleware\Flash.php(85): Yee\Yee->call()
#20 C:\wamp\www\Yee\Middleware\MethodOverride.php(92): Yee\Middleware\Flash->call()
#21 C:\wamp\www\Yee\Middleware\PrettyExceptions.php(67): Yee\Middleware\MethodOverride->call()
#22 C:\wamp\www\Yee\Yee.php(1279): Yee\Middleware\PrettyExceptions->call()
#23 C:\wamp\www\index.php(30): Yee\Yee->execute()
#24 {main}
ERROR - 2016-07-30 17:59:14 - exception 'Twig_Error_Syntax' with message 'Unexpected token "operator" of value "=" in "pages/Category.tpl" at line 49' in C:\wamp\www\Twig\ExpressionParser.php:175
Stack trace:
#0 C:\wamp\www\Twig\ExpressionParser.php(84): Twig_ExpressionParser->parsePrimaryExpression()
#1 C:\wamp\www\Twig\ExpressionParser.php(41): Twig_ExpressionParser->getPrimary()
#2 C:\wamp\www\Twig\ExpressionParser.php(50): Twig_ExpressionParser->parseExpression(21)
#3 C:\wamp\www\Twig\TokenParser\If.php(38): Twig_ExpressionParser->parseExpression()
#4 C:\wamp\www\Twig\Parser.php(187): Twig_TokenParser_If->parse(Object(Twig_Token))
#5 C:\wamp\www\Twig\TokenParser\For.php(47): Twig_Parser->subparse(Array)
#6 C:\wamp\www\Twig\Parser.php(187): Twig_TokenParser_For->parse(Object(Twig_Token))
#7 C:\wamp\www\Twig\Parser.php(95): Twig_Parser->subparse(NULL, false)
#8 C:\wamp\www\Twig\Environment.php(507): Twig_Parser->parse(Object(Twig_TokenStream))
#9 C:\wamp\www\Twig\Environment.php(559): Twig_Environment->parse(Object(Twig_TokenStream))
#10 C:\wamp\www\Twig\Environment.php(334): Twig_Environment->compileSource('{% include("/co...', 'pages/Category....')
#11 C:\wamp\www\Yee\Views\Twig.php(87): Twig_Environment->loadTemplate('pages/Category....')
#12 C:\wamp\www\Yee\View.php(254): Yee\Views\Twig->render('pages/Category....', NULL)
#13 C:\wamp\www\Yee\View.php(242): Yee\View->fetch('pages/Category....', NULL)
#14 C:\wamp\www\Yee\Yee.php(765): Yee\View->display('pages/Category....')
#15 C:\wamp\www\App\Controllers\Articles\articlesController.php(82): Yee\Yee->render('pages/Category....', Array)
#16 [internal function]: articlesController->categoryAction('4')
#17 C:\wamp\www\Yee\Managers\Controller\Controller.php(22): call_user_func_array(Array, Array)
#18 [internal function]: Yee\Managers\Controller\Controller::__callStatic('___categoryActi...', Array)
#19 [internal function]: articlesController::___categoryAction('4')
#20 C:\wamp\www\Yee\Route.php(462): call_user_func_array('articlesControl...', Array)
#21 C:\wamp\www\Yee\Yee.php(1334): Yee\Route->dispatch()
#22 C:\wamp\www\Yee\Middleware\Flash.php(85): Yee\Yee->call()
#23 C:\wamp\www\Yee\Middleware\MethodOverride.php(92): Yee\Middleware\Flash->call()
#24 C:\wamp\www\Yee\Middleware\PrettyExceptions.php(67): Yee\Middleware\MethodOverride->call()
#25 C:\wamp\www\Yee\Yee.php(1279): Yee\Middleware\PrettyExceptions->call()
#26 C:\wamp\www\index.php(30): Yee\Yee->execute()
#27 {main}
ERROR - 2016-07-30 17:59:17 - exception 'Twig_Error_Syntax' with message 'Unexpected token "operator" of value "=" in "pages/Category.tpl" at line 49' in C:\wamp\www\Twig\ExpressionParser.php:175
Stack trace:
#0 C:\wamp\www\Twig\ExpressionParser.php(84): Twig_ExpressionParser->parsePrimaryExpression()
#1 C:\wamp\www\Twig\ExpressionParser.php(41): Twig_ExpressionParser->getPrimary()
#2 C:\wamp\www\Twig\ExpressionParser.php(50): Twig_ExpressionParser->parseExpression(21)
#3 C:\wamp\www\Twig\TokenParser\If.php(38): Twig_ExpressionParser->parseExpression()
#4 C:\wamp\www\Twig\Parser.php(187): Twig_TokenParser_If->parse(Object(Twig_Token))
#5 C:\wamp\www\Twig\TokenParser\For.php(47): Twig_Parser->subparse(Array)
#6 C:\wamp\www\Twig\Parser.php(187): Twig_TokenParser_For->parse(Object(Twig_Token))
#7 C:\wamp\www\Twig\Parser.php(95): Twig_Parser->subparse(NULL, false)
#8 C:\wamp\www\Twig\Environment.php(507): Twig_Parser->parse(Object(Twig_TokenStream))
#9 C:\wamp\www\Twig\Environment.php(559): Twig_Environment->parse(Object(Twig_TokenStream))
#10 C:\wamp\www\Twig\Environment.php(334): Twig_Environment->compileSource('{% include("/co...', 'pages/Category....')
#11 C:\wamp\www\Yee\Views\Twig.php(87): Twig_Environment->loadTemplate('pages/Category....')
#12 C:\wamp\www\Yee\View.php(254): Yee\Views\Twig->render('pages/Category....', NULL)
#13 C:\wamp\www\Yee\View.php(242): Yee\View->fetch('pages/Category....', NULL)
#14 C:\wamp\www\Yee\Yee.php(765): Yee\View->display('pages/Category....')
#15 C:\wamp\www\App\Controllers\Articles\articlesController.php(82): Yee\Yee->render('pages/Category....', Array)
#16 [internal function]: articlesController->categoryAction('4')
#17 C:\wamp\www\Yee\Managers\Controller\Controller.php(22): call_user_func_array(Array, Array)
#18 [internal function]: Yee\Managers\Controller\Controller::__callStatic('___categoryActi...', Array)
#19 [internal function]: articlesController::___categoryAction('4')
#20 C:\wamp\www\Yee\Route.php(462): call_user_func_array('articlesControl...', Array)
#21 C:\wamp\www\Yee\Yee.php(1334): Yee\Route->dispatch()
#22 C:\wamp\www\Yee\Middleware\Flash.php(85): Yee\Yee->call()
#23 C:\wamp\www\Yee\Middleware\MethodOverride.php(92): Yee\Middleware\Flash->call()
#24 C:\wamp\www\Yee\Middleware\PrettyExceptions.php(67): Yee\Middleware\MethodOverride->call()
#25 C:\wamp\www\Yee\Yee.php(1279): Yee\Middleware\PrettyExceptions->call()
#26 C:\wamp\www\index.php(30): Yee\Yee->execute()
#27 {main}
ERROR - 2016-07-30 18:02:21 - exception 'Twig_Error_Syntax' with message 'A hash key must be a quoted string, a number, a name, or an expression enclosed in parentheses (unexpected token "punctuation" of value "{" in "pages/Category.tpl" at line 49' in C:\wamp\www\Twig\ExpressionParser.php:266
Stack trace:
#0 C:\wamp\www\Twig\ExpressionParser.php(173): Twig_ExpressionParser->parseHashExpression()
#1 C:\wamp\www\Twig\ExpressionParser.php(84): Twig_ExpressionParser->parsePrimaryExpression()
#2 C:\wamp\www\Twig\ExpressionParser.php(41): Twig_ExpressionParser->getPrimary()
#3 C:\wamp\www\Twig\TokenParser\If.php(38): Twig_ExpressionParser->parseExpression()
#4 C:\wamp\www\Twig\Parser.php(187): Twig_TokenParser_If->parse(Object(Twig_Token))
#5 C:\wamp\www\Twig\TokenParser\For.php(47): Twig_Parser->subparse(Array)
#6 C:\wamp\www\Twig\Parser.php(187): Twig_TokenParser_For->parse(Object(Twig_Token))
#7 C:\wamp\www\Twig\Parser.php(95): Twig_Parser->subparse(NULL, false)
#8 C:\wamp\www\Twig\Environment.php(507): Twig_Parser->parse(Object(Twig_TokenStream))
#9 C:\wamp\www\Twig\Environment.php(559): Twig_Environment->parse(Object(Twig_TokenStream))
#10 C:\wamp\www\Twig\Environment.php(334): Twig_Environment->compileSource('{% include("/co...', 'pages/Category....')
#11 C:\wamp\www\Yee\Views\Twig.php(87): Twig_Environment->loadTemplate('pages/Category....')
#12 C:\wamp\www\Yee\View.php(254): Yee\Views\Twig->render('pages/Category....', NULL)
#13 C:\wamp\www\Yee\View.php(242): Yee\View->fetch('pages/Category....', NULL)
#14 C:\wamp\www\Yee\Yee.php(765): Yee\View->display('pages/Category....')
#15 C:\wamp\www\App\Controllers\Articles\articlesController.php(82): Yee\Yee->render('pages/Category....', Array)
#16 [internal function]: articlesController->categoryAction('4')
#17 C:\wamp\www\Yee\Managers\Controller\Controller.php(22): call_user_func_array(Array, Array)
#18 [internal function]: Yee\Managers\Controller\Controller::__callStatic('___categoryActi...', Array)
#19 [internal function]: articlesController::___categoryAction('4')
#20 C:\wamp\www\Yee\Route.php(462): call_user_func_array('articlesControl...', Array)
#21 C:\wamp\www\Yee\Yee.php(1334): Yee\Route->dispatch()
#22 C:\wamp\www\Yee\Middleware\Flash.php(85): Yee\Yee->call()
#23 C:\wamp\www\Yee\Middleware\MethodOverride.php(92): Yee\Middleware\Flash->call()
#24 C:\wamp\www\Yee\Middleware\PrettyExceptions.php(67): Yee\Middleware\MethodOverride->call()
#25 C:\wamp\www\Yee\Yee.php(1279): Yee\Middleware\PrettyExceptions->call()
#26 C:\wamp\www\index.php(30): Yee\Yee->execute()
#27 {main}
